1562610964926	mozrunner::runner	INFO	Running command: "/Applications/Firefox.app/Contents/MacOS/firefox-bin" "-marionette" "-foreground" "-no-remote" "-profile" "/var/folders/vs/8x5dhy9j1_j4gfdt2jjj_ms40000gq/T/rust_mozprofile.0Lfgoqe95MGz"
1562610965971	addons.webextension.screenshots@mozilla.org	WARN	Loading extension 'screenshots@mozilla.org': Reading manifest: Invalid extension permission: mozillaAddons
1562610965971	addons.webextension.screenshots@mozilla.org	WARN	Loading extension 'screenshots@mozilla.org': Reading manifest: Invalid extension permission: resource://pdf.js/
1562610965971	addons.webextension.screenshots@mozilla.org	WARN	Loading extension 'screenshots@mozilla.org': Reading manifest: Invalid extension permission: about:reader*
1562610969062	Marionette	INFO	Listening on port 52263
1562610969110	Marionette	WARN	TLS certificate errors will be ignored for this session
JavaScript error: , line 0: NotAllowedError: The play method is not allowed by the user agent or the platform in the current context, possibly because the user denied permission.
1562610982629	mozrunner::runner	INFO	Running command: "/Applications/Firefox.app/Contents/MacOS/firefox-bin" "-marionette" "-foreground" "-no-remote" "-profile" "/var/folders/vs/8x5dhy9j1_j4gfdt2jjj_ms40000gq/T/rust_mozprofile.uhoRehhoqfRg"
1562610984063	addons.webextension.screenshots@mozilla.org	WARN	Loading extension 'screenshots@mozilla.org': Reading manifest: Invalid extension permission: mozillaAddons
1562610984063	addons.webextension.screenshots@mozilla.org	WARN	Loading extension 'screenshots@mozilla.org': Reading manifest: Invalid extension permission: resource://pdf.js/
1562610984065	addons.webextension.screenshots@mozilla.org	WARN	Loading extension 'screenshots@mozilla.org': Reading manifest: Invalid extension permission: about:reader*
1562610987777	Marionette	INFO	Listening on port 52456
1562610987837	Marionette	WARN	TLS certificate errors will be ignored for this session
JavaScript error: https://code.createjs.com/createjs-2015.11.26.min.js, line 13: NS_ERROR_FAILURE: 
JavaScript error: https://code.createjs.com/createjs-2015.11.26.min.js, line 13: NS_ERROR_FAILURE: 
JavaScript error: https://code.createjs.com/createjs-2015.11.26.min.js, line 13: NS_ERROR_FAILURE: 
JavaScript error: https://code.createjs.com/createjs-2015.11.26.min.js, line 13: NS_ERROR_FAILURE: 
JavaScript error: https://code.createjs.com/createjs-2015.11.26.min.js, line 13: NS_ERROR_FAILURE: 
JavaScript error: https://code.createjs.com/createjs-2015.11.26.min.js, line 13: NS_ERROR_FAILURE: 
JavaScript error: https://code.createjs.com/createjs-2015.11.26.min.js, line 13: NS_ERROR_FAILURE: 
JavaScript error: https://code.createjs.com/createjs-2015.11.26.min.js, line 13: NS_ERROR_FAILURE: 
console.error: BroadcastService: 
  receivedBroadcastMessage: handler for
  remote-settings/monitor_changes
  threw error:
  Message: Error: Polling for changes failed: http://%(server)s/dummy/blocklist//buckets/monitor/collections/changes/records?_expected=%221562598337501%22 is not a valid URL..
  Stack:
    remoteSettingsFunction/remoteSettings.pollChanges@resource://services-settings/remote-settings.js:203:13

JavaScript error: https://code.createjs.com/createjs-2015.11.26.min.js, line 13: NS_ERROR_FAILURE: 
JavaScript error: https://code.createjs.com/createjs-2015.11.26.min.js, line 13: NS_ERROR_FAILURE: 
JavaScript error: https://code.createjs.com/createjs-2015.11.26.min.js, line 13: NS_ERROR_FAILURE: 
JavaScript error: https://code.createjs.com/createjs-2015.11.26.min.js, line 13: NS_ERROR_FAILURE: 
JavaScript error: https://code.createjs.com/createjs-2015.11.26.min.js, line 13: NS_ERROR_FAILURE: 
JavaScript error: https://code.createjs.com/createjs-2015.11.26.min.js, line 13: NS_ERROR_FAILURE: 
JavaScript error: https://code.createjs.com/createjs-2015.11.26.min.js, line 13: NS_ERROR_FAILURE: 
JavaScript error: https://code.createjs.com/createjs-2015.11.26.min.js, line 13: NS_ERROR_FAILURE: 
JavaScript error: https://code.createjs.com/createjs-2015.11.26.min.js, line 13: NS_ERROR_FAILURE: 
JavaScript error: https://code.createjs.com/createjs-2015.11.26.min.js, line 13: NS_ERROR_FAILURE: 
JavaScript error: https://code.createjs.com/createjs-2015.11.26.min.js, line 13: NS_ERROR_FAILURE: 
JavaScript error: https://code.createjs.com/createjs-2015.11.26.min.js, line 13: NS_ERROR_FAILURE: 
JavaScript error: https://code.createjs.com/createjs-2015.11.26.min.js, line 13: NS_ERROR_FAILURE: 
JavaScript error: https://code.createjs.com/createjs-2015.11.26.min.js, line 13: NS_ERROR_FAILURE: 
JavaScript error: https://code.createjs.com/createjs-2015.11.26.min.js, line 13: NS_ERROR_FAILURE: 
JavaScript error: https://code.createjs.com/createjs-2015.11.26.min.js, line 13: NS_ERROR_FAILURE: 
JavaScript error: https://code.createjs.com/createjs-2015.11.26.min.js, line 13: NS_ERROR_FAILURE: 
JavaScript error: https://code.createjs.com/createjs-2015.11.26.min.js, line 13: NS_ERROR_FAILURE: 
JavaScript error: https://code.createjs.com/createjs-2015.11.26.min.js, line 13: NS_ERROR_FAILURE: 
JavaScript error: https://code.createjs.com/createjs-2015.11.26.min.js, line 13: NS_ERROR_FAILURE: 
JavaScript error: https://code.createjs.com/createjs-2015.11.26.min.js, line 13: NS_ERROR_FAILURE: 
JavaScript error: https://code.createjs.com/createjs-2015.11.26.min.js, line 13: NS_ERROR_FAILURE: 
JavaScript error: https://code.createjs.com/createjs-2015.11.26.min.js, line 13: NS_ERROR_FAILURE: 
JavaScript error: https://code.createjs.com/createjs-2015.11.26.min.js, line 13: NS_ERROR_FAILURE: 
JavaScript error: https://code.createjs.com/createjs-2015.11.26.min.js, line 13: NS_ERROR_FAILURE: 
JavaScript error: https://code.createjs.com/createjs-2015.11.26.min.js, line 13: NS_ERROR_FAILURE: 
JavaScript error: https://code.createjs.com/createjs-2015.11.26.min.js, line 13: NS_ERROR_FAILURE: 
JavaScript error: https://code.createjs.com/createjs-2015.11.26.min.js, line 13: NS_ERROR_FAILURE: 
JavaScript error: https://code.createjs.com/createjs-2015.11.26.min.js, line 13: NS_ERROR_FAILURE: 
JavaScript error: https://code.createjs.com/createjs-2015.11.26.min.js, line 13: NS_ERROR_FAILURE: 
JavaScript error: https://code.createjs.com/createjs-2015.11.26.min.js, line 13: NS_ERROR_FAILURE: 
JavaScript error: https://code.createjs.com/createjs-2015.11.26.min.js, line 13: NS_ERROR_FAILURE: 
JavaScript error: https://code.createjs.com/createjs-2015.11.26.min.js, line 13: NS_ERROR_FAILURE: 
JavaScript error: https://code.createjs.com/createjs-2015.11.26.min.js, line 13: NS_ERROR_FAILURE: 
JavaScript error: https://code.createjs.com/createjs-2015.11.26.min.js, line 13: NS_ERROR_FAILURE: 
JavaScript error: https://code.createjs.com/createjs-2015.11.26.min.js, line 13: NS_ERROR_FAILURE: 
JavaScript error: https://code.createjs.com/createjs-2015.11.26.min.js, line 13: NS_ERROR_FAILURE: 
JavaScript error: https://code.createjs.com/createjs-2015.11.26.min.js, line 13: NS_ERROR_FAILURE: 
JavaScript error: https://code.createjs.com/createjs-2015.11.26.min.js, line 13: NS_ERROR_FAILURE: 
JavaScript error: https://code.createjs.com/createjs-2015.11.26.min.js, line 13: NS_ERROR_FAILURE: 
JavaScript error: https://code.createjs.com/createjs-2015.11.26.min.js, line 13: NS_ERROR_FAILURE: 
JavaScript error: https://code.createjs.com/createjs-2015.11.26.min.js, line 13: NS_ERROR_FAILURE: 
JavaScript error: https://code.createjs.com/createjs-2015.11.26.min.js, line 13: NS_ERROR_FAILURE: 
JavaScript error: https://code.createjs.com/createjs-2015.11.26.min.js, line 13: NS_ERROR_FAILURE: 
JavaScript error: https://code.createjs.com/createjs-2015.11.26.min.js, line 13: NS_ERROR_FAILURE: 
JavaScript error: https://code.createjs.com/createjs-2015.11.26.min.js, line 13: NS_ERROR_FAILURE: 
JavaScript error: https://code.createjs.com/createjs-2015.11.26.min.js, line 13: NS_ERROR_FAILURE: 
JavaScript error: https://code.createjs.com/createjs-2015.11.26.min.js, line 13: NS_ERROR_FAILURE: 
JavaScript error: https://code.createjs.com/createjs-2015.11.26.min.js, line 13: NS_ERROR_FAILURE: 
JavaScript error: https://code.createjs.com/createjs-2015.11.26.min.js, line 13: NS_ERROR_FAILURE: 
JavaScript error: https://code.createjs.com/createjs-2015.11.26.min.js, line 13: NS_ERROR_FAILURE: 
JavaScript error: https://code.createjs.com/createjs-2015.11.26.min.js, line 13: NS_ERROR_FAILURE: 
JavaScript error: https://code.createjs.com/createjs-2015.11.26.min.js, line 13: NS_ERROR_FAILURE: 
JavaScript error: https://code.createjs.com/createjs-2015.11.26.min.js, line 13: NS_ERROR_FAILURE: 
JavaScript error: https://code.createjs.com/createjs-2015.11.26.min.js, line 13: NS_ERROR_FAILURE: 
JavaScript error: https://code.createjs.com/createjs-2015.11.26.min.js, line 13: NS_ERROR_FAILURE: 
JavaScript error: https://code.createjs.com/createjs-2015.11.26.min.js, line 13: NS_ERROR_FAILURE: 
JavaScript error: https://code.createjs.com/createjs-2015.11.26.min.js, line 13: NS_ERROR_FAILURE: 
JavaScript error: https://code.createjs.com/createjs-2015.11.26.min.js, line 13: NS_ERROR_FAILURE: 
JavaScript error: https://code.createjs.com/createjs-2015.11.26.min.js, line 13: NS_ERROR_FAILURE: 
JavaScript error: https://code.createjs.com/createjs-2015.11.26.min.js, line 13: NS_ERROR_FAILURE: 
JavaScript error: https://code.createjs.com/createjs-2015.11.26.min.js, line 13: NS_ERROR_FAILURE: 
JavaScript error: https://code.createjs.com/createjs-2015.11.26.min.js, line 13: NS_ERROR_FAILURE: 
JavaScript error: https://code.createjs.com/createjs-2015.11.26.min.js, line 13: NS_ERROR_FAILURE: 
JavaScript error: https://code.createjs.com/createjs-2015.11.26.min.js, line 13: NS_ERROR_FAILURE: 
JavaScript error: https://code.createjs.com/createjs-2015.11.26.min.js, line 13: NS_ERROR_FAILURE: 
JavaScript error: https://code.createjs.com/createjs-2015.11.26.min.js, line 13: NS_ERROR_FAILURE: 
JavaScript error: https://code.createjs.com/createjs-2015.11.26.min.js, line 13: NS_ERROR_FAILURE: 
JavaScript error: https://code.createjs.com/createjs-2015.11.26.min.js, line 13: NS_ERROR_FAILURE: 
JavaScript error: https://code.createjs.com/createjs-2015.11.26.min.js, line 13: NS_ERROR_FAILURE: 
JavaScript error: https://code.createjs.com/createjs-2015.11.26.min.js, line 13: NS_ERROR_FAILURE: 
JavaScript error: https://code.createjs.com/createjs-2015.11.26.min.js, line 13: NS_ERROR_FAILURE: 
JavaScript error: https://code.createjs.com/createjs-2015.11.26.min.js, line 13: NS_ERROR_FAILURE: 
JavaScript error: https://code.createjs.com/createjs-2015.11.26.min.js, line 13: NS_ERROR_FAILURE: 
JavaScript error: https://code.createjs.com/createjs-2015.11.26.min.js, line 13: NS_ERROR_FAILURE: 
JavaScript error: https://code.createjs.com/createjs-2015.11.26.min.js, line 13: NS_ERROR_FAILURE: 
JavaScript error: https://code.createjs.com/createjs-2015.11.26.min.js, line 13: NS_ERROR_FAILURE: 
console.error: BroadcastService: 
  receivedBroadcastMessage: handler for
  remote-settings/monitor_changes
  threw error:
  Message: Error: Polling for changes failed: http://%(server)s/dummy/blocklist//buckets/monitor/collections/changes/records?_expected=%221562598337501%22 is not a valid URL..
  Stack:
    remoteSettingsFunction/remoteSettings.pollChanges@resource://services-settings/remote-settings.js:203:13

1562611014256	mozrunner::runner	INFO	Running command: "/Applications/Firefox.app/Contents/MacOS/firefox-bin" "-marionette" "-foreground" "-no-remote" "-profile" "/var/folders/vs/8x5dhy9j1_j4gfdt2jjj_ms40000gq/T/rust_mozprofile.Uo3gASa2UFpL"
1562611016630	addons.webextension.screenshots@mozilla.org	WARN	Loading extension 'screenshots@mozilla.org': Reading manifest: Invalid extension permission: mozillaAddons
1562611016631	addons.webextension.screenshots@mozilla.org	WARN	Loading extension 'screenshots@mozilla.org': Reading manifest: Invalid extension permission: resource://pdf.js/
1562611016631	addons.webextension.screenshots@mozilla.org	WARN	Loading extension 'screenshots@mozilla.org': Reading manifest: Invalid extension permission: about:reader*
1562611022266	Marionette	INFO	Listening on port 52847
1562611022437	Marionette	WARN	TLS certificate errors will be ignored for this session
[GFX1]: [Tiling:Client] Failed to allocate a TextureClient
Exiting due to channel error.
[Child 70935, Chrome_ChildThread] WARNING: pipe error: Broken pipe: file /builds/worker/workspace/build/src/ipc/chromium/src/chrome/common/ipc_channel_posix.cc, line 726
Exiting due to channel error.
Exiting due to channel error.
[GFX1-]: Receive IPC close with reason=AbnormalShutdown
Exiting due to channel error.
[Child 70930, Chrome_ChildThread] WARNING: pipe error: Broken pipe: file /builds/worker/workspace/build/src/ipc/chromium/src/chrome/common/ipc_channel_posix.cc, line 726
Exiting due to channel error.
[Child 70927, Chrome_ChildThread] WARNING: pipe error: Broken pipe: file /builds/worker/workspace/build/src/ipc/chromium/src/chrome/common/ipc_channel_posix.cc, line 726
Exiting due to channel error.
[GFX1-]: Receive IPC close with reason=AbnormalShutdown
Exiting due to channel error.
[Child 70955, Chrome_ChildThread] WARNING: pipe error: Broken pipe: file /builds/worker/workspace/build/src/ipc/chromium/src/chrome/common/ipc_channel_posix.cc, line 726
Exiting due to channel error.
Exiting due to channel error.
1562611300694	mozrunner::runner	INFO	Running command: "/Applications/Firefox.app/Contents/MacOS/firefox-bin" "-marionette" "-foreground" "-no-remote" "-profile" "/var/folders/vs/8x5dhy9j1_j4gfdt2jjj_ms40000gq/T/rust_mozprofile.oMhQRdMY3zqH"
1562611301489	addons.webextension.screenshots@mozilla.org	WARN	Loading extension 'screenshots@mozilla.org': Reading manifest: Invalid extension permission: mozillaAddons
1562611301489	addons.webextension.screenshots@mozilla.org	WARN	Loading extension 'screenshots@mozilla.org': Reading manifest: Invalid extension permission: resource://pdf.js/
1562611301489	addons.webextension.screenshots@mozilla.org	WARN	Loading extension 'screenshots@mozilla.org': Reading manifest: Invalid extension permission: about:reader*
1562611303550	Marionette	INFO	Listening on port 53017
1562611303624	Marionette	WARN	TLS certificate errors will be ignored for this session
JavaScript error: , line 0: NotAllowedError: The play method is not allowed by the user agent or the platform in the current context, possibly because the user denied permission.
Exiting due to channel error.
[GFX1-]: Receive IPC close with reason=AbnormalShutdown
Exiting due to channel error.
[GFX1-]: Receive IPC close with reason=AbnormalShutdown
Exiting due to channel error.
1562611478921	mozrunner::runner	INFO	Running command: "/Applications/Firefox.app/Contents/MacOS/firefox-bin" "-marionette" "-foreground" "-no-remote" "-profile" "/var/folders/vs/8x5dhy9j1_j4gfdt2jjj_ms40000gq/T/rust_mozprofile.km0ESPoxLDrj"
1562611479604	addons.webextension.screenshots@mozilla.org	WARN	Loading extension 'screenshots@mozilla.org': Reading manifest: Invalid extension permission: mozillaAddons
1562611479604	addons.webextension.screenshots@mozilla.org	WARN	Loading extension 'screenshots@mozilla.org': Reading manifest: Invalid extension permission: resource://pdf.js/
1562611479604	addons.webextension.screenshots@mozilla.org	WARN	Loading extension 'screenshots@mozilla.org': Reading manifest: Invalid extension permission: about:reader*
1562611481262	Marionette	INFO	Listening on port 53292
1562611481314	Marionette	WARN	TLS certificate errors will be ignored for this session
JavaScript error: , line 0: NotAllowedError: The play method is not allowed by the user agent or the platform in the current context, possibly because the user denied permission.
console.error: BroadcastService: 
  receivedBroadcastMessage: handler for
  remote-settings/monitor_changes
  threw error:
  Message: Error: Polling for changes failed: http://%(server)s/dummy/blocklist//buckets/monitor/collections/changes/records?_expected=%221562598337501%22 is not a valid URL..
  Stack:
    remoteSettingsFunction/remoteSettings.pollChanges@resource://services-settings/remote-settings.js:203:13

Exiting due to channel error.
Exiting due to channel error.
[GFX1-]: Receive IPC close with reason=AbnormalShutdown
Exiting due to channel error.
1562611955185	mozrunner::runner	INFO	Running command: "/Applications/Firefox.app/Contents/MacOS/firefox-bin" "-marionette" "-foreground" "-no-remote" "-profile" "/var/folders/vs/8x5dhy9j1_j4gfdt2jjj_ms40000gq/T/rust_mozprofile.xUEhRvBOjVPL"
1562611956063	addons.webextension.screenshots@mozilla.org	WARN	Loading extension 'screenshots@mozilla.org': Reading manifest: Invalid extension permission: mozillaAddons
1562611956063	addons.webextension.screenshots@mozilla.org	WARN	Loading extension 'screenshots@mozilla.org': Reading manifest: Invalid extension permission: resource://pdf.js/
1562611956063	addons.webextension.screenshots@mozilla.org	WARN	Loading extension 'screenshots@mozilla.org': Reading manifest: Invalid extension permission: about:reader*
1562611958257	Marionette	INFO	Listening on port 55334
1562611958304	Marionette	WARN	TLS certificate errors will be ignored for this session
JavaScript error: , line 0: NotAllowedError: The play method is not allowed by the user agent or the platform in the current context, possibly because the user denied permission.
console.error: BroadcastService: 
  receivedBroadcastMessage: handler for
  remote-settings/monitor_changes
  threw error:
  Message: Error: Polling for changes failed: http://%(server)s/dummy/blocklist//buckets/monitor/collections/changes/records?_expected=%221562598337501%22 is not a valid URL..
  Stack:
    remoteSettingsFunction/remoteSettings.pollChanges@resource://services-settings/remote-settings.js:203:13

[GFX1-]: Receive IPC close with reason=AbnormalShutdown
[GFX1-]: Receive IPC close with reason=AbnormalShutdown
Exiting due to channel error.
Exiting due to channel error.
[GFX1-]: Receive IPC close with reason=AbnormalShutdown
Exiting due to channel error.
1562612269361	mozrunner::runner	INFO	Running command: "/Applications/Firefox.app/Contents/MacOS/firefox-bin" "-marionette" "-foreground" "-no-remote" "-profile" "/var/folders/vs/8x5dhy9j1_j4gfdt2jjj_ms40000gq/T/rust_mozprofile.NRzfqeKV7lyY"
1562612270353	addons.webextension.screenshots@mozilla.org	WARN	Loading extension 'screenshots@mozilla.org': Reading manifest: Invalid extension permission: mozillaAddons
1562612270353	addons.webextension.screenshots@mozilla.org	WARN	Loading extension 'screenshots@mozilla.org': Reading manifest: Invalid extension permission: resource://pdf.js/
1562612270353	addons.webextension.screenshots@mozilla.org	WARN	Loading extension 'screenshots@mozilla.org': Reading manifest: Invalid extension permission: about:reader*
1562612272808	Marionette	INFO	Listening on port 57062
1562612272833	Marionette	WARN	TLS certificate errors will be ignored for this session
JavaScript error: , line 0: NotAllowedError: The play method is not allowed by the user agent or the platform in the current context, possibly because the user denied permission.
console.warn: "Error while detaching the thread front: 'detach' request packet to 'server1.conn0.child1/context19' can't be sent as the connection is closed."

###!!! [Child][MessageChannel] Error: (msgtype=0x530005,name=PHttpChannel::Msg_Cancel) Closed channel: cannot send/recv

1562612319012	Marionette	INFO	Stopped listening on port 57062
1562612544510	mozrunner::runner	INFO	Running command: "/Applications/Firefox.app/Contents/MacOS/firefox-bin" "-marionette" "-foreground" "-no-remote" "-profile" "/var/folders/vs/8x5dhy9j1_j4gfdt2jjj_ms40000gq/T/rust_mozprofile.WkpiO9QqedPA"
1562612545229	addons.webextension.screenshots@mozilla.org	WARN	Loading extension 'screenshots@mozilla.org': Reading manifest: Invalid extension permission: mozillaAddons
1562612545229	addons.webextension.screenshots@mozilla.org	WARN	Loading extension 'screenshots@mozilla.org': Reading manifest: Invalid extension permission: resource://pdf.js/
1562612545229	addons.webextension.screenshots@mozilla.org	WARN	Loading extension 'screenshots@mozilla.org': Reading manifest: Invalid extension permission: about:reader*
1562612547036	Marionette	INFO	Listening on port 58539
1562612547111	Marionette	WARN	TLS certificate errors will be ignored for this session
console.error: BroadcastService: 
  receivedBroadcastMessage: handler for
  remote-settings/monitor_changes
  threw error:
  Message: Error: Polling for changes failed: http://%(server)s/dummy/blocklist//buckets/monitor/collections/changes/records?_expected=%221562598337501%22 is not a valid URL..
  Stack:
    remoteSettingsFunction/remoteSettings.pollChanges@resource://services-settings/remote-settings.js:203:13

JavaScript error: https://s0.2mdn.net/ads/richmedia/studio/pv2/60737506/20190225084616577/index.html?e=69&renderingType=2&leftOffset=0&topOffset=0&c=NxvXXtkeVg&t=4 line 28 > scriptElement, line 163: TypeError: document.querySelector(...) is null
JavaScript error: https://s0.2mdn.net/ads/richmedia/studio/pv2/60737506/20190225084616577/index.html?e=69&renderingType=2&leftOffset=0&topOffset=0&c=NxvXXtkeVg&t=4 line 28 > scriptElement, line 163: TypeError: document.querySelector(...) is null
JavaScript error: https://s0.2mdn.net/ads/richmedia/studio/pv2/60737506/20190225084616577/index.html?e=69&renderingType=2&leftOffset=0&topOffset=0&c=NxvXXtkeVg&t=4 line 28 > scriptElement, line 163: TypeError: document.querySelector(...) is null
JavaScript error: https://s0.2mdn.net/ads/richmedia/studio/pv2/60737506/20190225084616577/index.html?e=69&renderingType=2&leftOffset=0&topOffset=0&c=NxvXXtkeVg&t=4 line 28 > scriptElement, line 163: TypeError: document.querySelector(...) is null
JavaScript error: https://s0.2mdn.net/ads/richmedia/studio/pv2/60737506/20190225084616577/index.html?e=69&renderingType=2&leftOffset=0&topOffset=0&c=NxvXXtkeVg&t=4 line 28 > scriptElement, line 163: TypeError: document.querySelector(...) is null
JavaScript error: https://s0.2mdn.net/ads/richmedia/studio/pv2/60737506/20190225084616577/index.html?e=69&renderingType=2&leftOffset=0&topOffset=0&c=NxvXXtkeVg&t=4 line 28 > scriptElement, line 163: TypeError: document.querySelector(...) is null
JavaScript error: https://s0.2mdn.net/ads/richmedia/studio/pv2/60737506/20190225084616577/index.html?e=69&renderingType=2&leftOffset=0&topOffset=0&c=NxvXXtkeVg&t=4 line 28 > scriptElement, line 163: TypeError: document.querySelector(...) is null
JavaScript error: https://s0.2mdn.net/ads/richmedia/studio/pv2/60737506/20190225084616577/index.html?e=69&renderingType=2&leftOffset=0&topOffset=0&c=NxvXXtkeVg&t=4 line 28 > scriptElement, line 163: TypeError: document.querySelector(...) is null
JavaScript error: https://s0.2mdn.net/ads/richmedia/studio/pv2/60737506/20190225084616577/index.html?e=69&renderingType=2&leftOffset=0&topOffset=0&c=NxvXXtkeVg&t=4 line 28 > scriptElement, line 163: TypeError: document.querySelector(...) is null
JavaScript error: https://s0.2mdn.net/ads/richmedia/studio/pv2/60737506/20190225084616577/index.html?e=69&renderingType=2&leftOffset=0&topOffset=0&c=NxvXXtkeVg&t=4 line 28 > scriptElement, line 163: TypeError: document.querySelector(...) is null
JavaScript error: https://s0.2mdn.net/ads/richmedia/studio/pv2/60737506/20190225084616577/index.html?e=69&renderingType=2&leftOffset=0&topOffset=0&c=NxvXXtkeVg&t=4 line 28 > scriptElement, line 163: TypeError: document.querySelector(...) is null
JavaScript error: https://s0.2mdn.net/ads/richmedia/studio/pv2/60737506/20190225084616577/index.html?e=69&renderingType=2&leftOffset=0&topOffset=0&c=NxvXXtkeVg&t=4 line 28 > scriptElement, line 163: TypeError: document.querySelector(...) is null
JavaScript error: resource://devtools/shared/layout/utils.js, line 46: TypeError: docShell is null
JavaScript error: resource://gre/modules/WebProgressChild.jsm, line 61: TypeError: this.mm.content is null
console.warn: "Error while detaching the thread front: 'detach' request packet to 'server1.conn0.child1/context19' can't be sent as the connection is closed."
[Child 76204, Chrome_ChildThread] WARNING: pipe error: Broken pipe: file /builds/worker/workspace/build/src/ipc/chromium/src/chrome/common/ipc_channel_posix.cc, line 726
[Child 76204, Chrome_ChildThread] WARNING: pipe error: Broken pipe: file /builds/worker/workspace/build/src/ipc/chromium/src/chrome/common/ipc_channel_posix.cc, line 726
[Child 76204, Chrome_ChildThread] WARNING: pipe error: Broken pipe: file /builds/worker/workspace/build/src/ipc/chromium/src/chrome/common/ipc_channel_posix.cc, line 726
[Child 76204, Chrome_ChildThread] WARNING: pipe error: Broken pipe: file /builds/worker/workspace/build/src/ipc/chromium/src/chrome/common/ipc_channel_posix.cc, line 726
[Child 76204, Chrome_ChildThread] WARNING: pipe error: Broken pipe: file /builds/worker/workspace/build/src/ipc/chromium/src/chrome/common/ipc_channel_posix.cc, line 726
[Child 76204, Chrome_ChildThread] WARNING: pipe error: Broken pipe: file /builds/worker/workspace/build/src/ipc/chromium/src/chrome/common/ipc_channel_posix.cc, line 726
[Child 76204, Chrome_ChildThread] WARNING: pipe error: Broken pipe: file /builds/worker/workspace/build/src/ipc/chromium/src/chrome/common/ipc_channel_posix.cc, line 726
[Child 76204, Chrome_ChildThread] WARNING: pipe error: Broken pipe: file /builds/worker/workspace/build/src/ipc/chromium/src/chrome/common/ipc_channel_posix.cc, line 726
[Child 76204, Chrome_ChildThread] WARNING: pipe error: Broken pipe: file /builds/worker/workspace/build/src/ipc/chromium/src/chrome/common/ipc_channel_posix.cc, line 726
[Child 76204, Chrome_ChildThread] WARNING: pipe error: Broken pipe: file /builds/worker/workspace/build/src/ipc/chromium/src/chrome/common/ipc_channel_posix.cc, line 726
1562615571412	mozrunner::runner	INFO	Running command: "/Applications/Firefox.app/Contents/MacOS/firefox-bin" "-marionette" "-foreground" "-no-remote" "-profile" "/var/folders/vs/8x5dhy9j1_j4gfdt2jjj_ms40000gq/T/rust_mozprofile.lUsTAElCsG7h"
1562615572120	addons.webextension.screenshots@mozilla.org	WARN	Loading extension 'screenshots@mozilla.org': Reading manifest: Invalid extension permission: mozillaAddons
1562615572120	addons.webextension.screenshots@mozilla.org	WARN	Loading extension 'screenshots@mozilla.org': Reading manifest: Invalid extension permission: resource://pdf.js/
1562615572120	addons.webextension.screenshots@mozilla.org	WARN	Loading extension 'screenshots@mozilla.org': Reading manifest: Invalid extension permission: about:reader*
1562615574032	Marionette	INFO	Listening on port 51882
1562615574134	Marionette	WARN	TLS certificate errors will be ignored for this session
JavaScript error: , line 0: NotAllowedError: The play method is not allowed by the user agent or the platform in the current context, possibly because the user denied permission.
console.error: BroadcastService: 
  receivedBroadcastMessage: handler for
  remote-settings/monitor_changes
  threw error:
  Message: Error: Polling for changes failed: http://%(server)s/dummy/blocklist//buckets/monitor/collections/changes/records?_expected=%221562598337501%22 is not a valid URL..
  Stack:
    remoteSettingsFunction/remoteSettings.pollChanges@resource://services-settings/remote-settings.js:203:13

Exiting due to channel error.
[GFX1-]: Receive IPC close with reason=AbnormalShutdown
[GFX1-]: Receive IPC close with reason=AbnormalShutdown
Exiting due to channel error.
Exiting due to channel error.
1562615667414	mozrunner::runner	INFO	Running command: "/Applications/Firefox.app/Contents/MacOS/firefox-bin" "-marionette" "-foreground" "-no-remote" "-profile" "/var/folders/vs/8x5dhy9j1_j4gfdt2jjj_ms40000gq/T/rust_mozprofile.LdkLVqHXNNoc"
1562615668089	addons.webextension.screenshots@mozilla.org	WARN	Loading extension 'screenshots@mozilla.org': Reading manifest: Invalid extension permission: mozillaAddons
1562615668090	addons.webextension.screenshots@mozilla.org	WARN	Loading extension 'screenshots@mozilla.org': Reading manifest: Invalid extension permission: resource://pdf.js/
1562615668090	addons.webextension.screenshots@mozilla.org	WARN	Loading extension 'screenshots@mozilla.org': Reading manifest: Invalid extension permission: about:reader*
1562615669726	Marionette	INFO	Listening on port 52159
1562615669790	Marionette	WARN	TLS certificate errors will be ignored for this session
JavaScript error: , line 0: NotAllowedError: The play method is not allowed by the user agent or the platform in the current context, possibly because the user denied permission.
2019-07-08 15:54:44.020 firefox-bin[2943:4710925] -[NSPersistentUIWindowSnapshotter writeWindowSnapshot:length:width:height:bytesPerRow:toFile:inDirectory:encryptingWithKey:uuid:checksum:fd:]: 0 == ftruncate(fd, finalFileSize) failed on line 797: No such file or directory
2019-07-08 15:54:44.022 firefox-bin[2943:4710925] -[NSPersistentUIWindowSnapshotter writeWindowSnapshot:length:width:height:bytesPerRow:toFile:inDirectory:encryptingWithKey:uuid:checksum:fd:]: 0 == ftruncate(fd, fileLength) failed on line 868: No such file or directory
2019-07-08 15:55:09.976 firefox-bin[2943:4710925] -[NSPersistentUIWindowSnapshotter writeWindowSnapshot:length:width:height:bytesPerRow:toFile:inDirectory:encryptingWithKey:uuid:checksum:fd:]: 0 == ftruncate(fd, finalFileSize) failed on line 797: No such file or directory
2019-07-08 15:55:09.977 firefox-bin[2943:4710925] -[NSPersistentUIWindowSnapshotter writeWindowSnapshot:length:width:height:bytesPerRow:toFile:inDirectory:encryptingWithKey:uuid:checksum:fd:]: 0 == ftruncate(fd, fileLength) failed on line 868: No such file or directory
JavaScript error: https://s0.2mdn.net/ads/richmedia/studio/pv2/60737506/20190225084616577/index.html?e=69&renderingType=2&leftOffset=0&topOffset=0&c=VgLEO20e0c&t=4 line 28 > scriptElement, line 163: TypeError: document.querySelector(...) is null
JavaScript error: https://s0.2mdn.net/ads/richmedia/studio/pv2/60737506/20190225084616577/index.html?e=69&renderingType=2&leftOffset=0&topOffset=0&c=VgLEO20e0c&t=4 line 28 > scriptElement, line 163: TypeError: document.querySelector(...) is null
JavaScript error: https://s0.2mdn.net/ads/richmedia/studio/pv2/60737506/20190225084616577/index.html?e=69&renderingType=2&leftOffset=0&topOffset=0&c=VgLEO20e0c&t=4 line 28 > scriptElement, line 163: TypeError: document.querySelector(...) is null
JavaScript error: https://s0.2mdn.net/ads/richmedia/studio/pv2/60737506/20190225084616577/index.html?e=69&renderingType=2&leftOffset=0&topOffset=0&c=VgLEO20e0c&t=4 line 28 > scriptElement, line 163: TypeError: document.querySelector(...) is null
JavaScript error: https://s0.2mdn.net/ads/richmedia/studio/pv2/60737506/20190225084616577/index.html?e=69&renderingType=2&leftOffset=0&topOffset=0&c=VgLEO20e0c&t=4 line 28 > scriptElement, line 163: TypeError: document.querySelector(...) is null
JavaScript error: https://s0.2mdn.net/ads/richmedia/studio/pv2/60737506/20190225084616577/index.html?e=69&renderingType=2&leftOffset=0&topOffset=0&c=VgLEO20e0c&t=4 line 28 > scriptElement, line 163: TypeError: document.querySelector(...) is null
JavaScript error: https://s0.2mdn.net/ads/richmedia/studio/pv2/60737506/20190225084616577/index.html?e=69&renderingType=2&leftOffset=0&topOffset=0&c=VgLEO20e0c&t=4 line 28 > scriptElement, line 163: TypeError: document.querySelector(...) is null
JavaScript error: https://s0.2mdn.net/ads/richmedia/studio/pv2/60737506/20190225084616577/index.html?e=69&renderingType=2&leftOffset=0&topOffset=0&c=VgLEO20e0c&t=4 line 28 > scriptElement, line 163: TypeError: document.querySelector(...) is null
JavaScript error: https://s0.2mdn.net/ads/richmedia/studio/pv2/60737506/20190225084616577/index.html?e=69&renderingType=2&leftOffset=0&topOffset=0&c=VgLEO20e0c&t=4 line 28 > scriptElement, line 163: TypeError: document.querySelector(...) is null
JavaScript error: https://s0.2mdn.net/ads/richmedia/studio/pv2/60737506/20190225084616577/index.html?e=69&renderingType=2&leftOffset=0&topOffset=0&c=VgLEO20e0c&t=4 line 28 > scriptElement, line 163: TypeError: document.querySelector(...) is null
JavaScript error: https://s0.2mdn.net/ads/richmedia/studio/pv2/60737506/20190225084616577/index.html?e=69&renderingType=2&leftOffset=0&topOffset=0&c=VgLEO20e0c&t=4 line 28 > scriptElement, line 163: TypeError: document.querySelector(...) is null
JavaScript error: https://s0.2mdn.net/ads/richmedia/studio/pv2/60737506/20190225084616577/index.html?e=69&renderingType=2&leftOffset=0&topOffset=0&c=VgLEO20e0c&t=4 line 28 > scriptElement, line 163: TypeError: document.querySelector(...) is null
2019-07-08 15:58:15.567 firefox-bin[2943:4718034] -[NSPersistentUIWindowSnapshotter writeWindowSnapshot:length:width:height:bytesPerRow:toFile:inDirectory:encryptingWithKey:uuid:checksum:fd:]: 0 == ftruncate(fd, finalFileSize) failed on line 797: No such file or directory
2019-07-08 15:58:15.569 firefox-bin[2943:4718034] -[NSPersistentUIWindowSnapshotter writeWindowSnapshot:length:width:height:bytesPerRow:toFile:inDirectory:encryptingWithKey:uuid:checksum:fd:]: 0 == ftruncate(fd, fileLength) failed on line 868: No such file or directory
1562615917894	mozrunner::runner	INFO	Running command: "/Applications/Firefox.app/Contents/MacOS/firefox-bin" "-marionette" "-foreground" "-no-remote" "-profile" "/var/folders/vs/8x5dhy9j1_j4gfdt2jjj_ms40000gq/T/rust_mozprofile.g3iOwwg2P15p"
1562615918945	addons.webextension.screenshots@mozilla.org	WARN	Loading extension 'screenshots@mozilla.org': Reading manifest: Invalid extension permission: mozillaAddons
1562615918946	addons.webextension.screenshots@mozilla.org	WARN	Loading extension 'screenshots@mozilla.org': Reading manifest: Invalid extension permission: resource://pdf.js/
1562615918946	addons.webextension.screenshots@mozilla.org	WARN	Loading extension 'screenshots@mozilla.org': Reading manifest: Invalid extension permission: about:reader*
1562615921788	Marionette	INFO	Listening on port 52672
1562615921920	Marionette	WARN	TLS certificate errors will be ignored for this session
JavaScript error: , line 0: NotAllowedError: The play method is not allowed by the user agent or the platform in the current context, possibly because the user denied permission.
console.error: BroadcastService: 
  receivedBroadcastMessage: handler for
  remote-settings/monitor_changes
  threw error:
  Message: Error: Polling for changes failed: http://%(server)s/dummy/blocklist//buckets/monitor/collections/changes/records?_expected=%221562598337501%22 is not a valid URL..
  Stack:
    remoteSettingsFunction/remoteSettings.pollChanges@resource://services-settings/remote-settings.js:203:13

console.error: BroadcastService: 
  receivedBroadcastMessage: handler for
  remote-settings/monitor_changes
  threw error:
  Message: Error: Polling for changes failed: http://%(server)s/dummy/blocklist//buckets/monitor/collections/changes/records?_expected=%221562598337501%22 is not a valid URL..
  Stack:
    remoteSettingsFunction/remoteSettings.pollChanges@resource://services-settings/remote-settings.js:203:13

[Child 3229, Chrome_ChildThread] WARNING: pipe error: Broken pipe: file /builds/worker/workspace/build/src/ipc/chromium/src/chrome/common/ipc_channel_posix.cc, line 726
Exiting due to channel error.
[GFX1-]: Receive IPC close with reason=AbnormalShutdown
Exiting due to channel error.
Exiting due to channel error.
2019-07-08 15:59:36.273 firefox-bin[2943:4724894] -[NSPersistentUIWindowSnapshotter writeWindowSnapshot:length:width:height:bytesPerRow:toFile:inDirectory:encryptingWithKey:uuid:checksum:fd:]: 0 == ftruncate(fd, finalFileSize) failed on line 797: No such file or directory
2019-07-08 15:59:36.274 firefox-bin[2943:4724894] -[NSPersistentUIWindowSnapshotter writeWindowSnapshot:length:width:height:bytesPerRow:toFile:inDirectory:encryptingWithKey:uuid:checksum:fd:]: 0 == ftruncate(fd, fileLength) failed on line 868: No such file or directory
2019-07-08 16:00:12.379 firefox-bin[2943:4724830] -[NSPersistentUIWindowSnapshotter writeWindowSnapshot:length:width:height:bytesPerRow:toFile:inDirectory:encryptingWithKey:uuid:checksum:fd:]: 0 == ftruncate(fd, finalFileSize) failed on line 797: No such file or directory
2019-07-08 16:00:12.379 firefox-bin[2943:4724830] -[NSPersistentUIWindowSnapshotter writeWindowSnapshot:length:width:height:bytesPerRow:toFile:inDirectory:encryptingWithKey:uuid:checksum:fd:]: 0 == ftruncate(fd, fileLength) failed on line 868: No such file or directory
1562616360962	mozrunner::runner	INFO	Running command: "/Applications/Firefox.app/Contents/MacOS/firefox-bin" "-marionette" "-foreground" "-no-remote" "-profile" "/var/folders/vs/8x5dhy9j1_j4gfdt2jjj_ms40000gq/T/rust_mozprofile.I5j9TJj6KWv0"
1562616361751	addons.webextension.screenshots@mozilla.org	WARN	Loading extension 'screenshots@mozilla.org': Reading manifest: Invalid extension permission: mozillaAddons
1562616361751	addons.webextension.screenshots@mozilla.org	WARN	Loading extension 'screenshots@mozilla.org': Reading manifest: Invalid extension permission: resource://pdf.js/
1562616361751	addons.webextension.screenshots@mozilla.org	WARN	Loading extension 'screenshots@mozilla.org': Reading manifest: Invalid extension permission: about:reader*
1562616363872	Marionette	INFO	Listening on port 53357
1562616364034	Marionette	WARN	TLS certificate errors will be ignored for this session
JavaScript error: , line 0: NotAllowedError: The play method is not allowed by the user agent or the platform in the current context, possibly because the user denied permission.
console.error: BroadcastService: 
  receivedBroadcastMessage: handler for
  remote-settings/monitor_changes
  threw error:
  Message: Error: Polling for changes failed: http://%(server)s/dummy/blocklist//buckets/monitor/collections/changes/records?_expected=%221562598337501%22 is not a valid URL..
  Stack:
    remoteSettingsFunction/remoteSettings.pollChanges@resource://services-settings/remote-settings.js:203:13

1562616408820	mozrunner::runner	INFO	Running command: "/Applications/Firefox.app/Contents/MacOS/firefox-bin" "-marionette" "-foreground" "-no-remote" "-profile" "/var/folders/vs/8x5dhy9j1_j4gfdt2jjj_ms40000gq/T/rust_mozprofile.f6F1orllj2Aw"
1562616411020	addons.webextension.screenshots@mozilla.org	WARN	Loading extension 'screenshots@mozilla.org': Reading manifest: Invalid extension permission: mozillaAddons
1562616411021	addons.webextension.screenshots@mozilla.org	WARN	Loading extension 'screenshots@mozilla.org': Reading manifest: Invalid extension permission: resource://pdf.js/
1562616411021	addons.webextension.screenshots@mozilla.org	WARN	Loading extension 'screenshots@mozilla.org': Reading manifest: Invalid extension permission: about:reader*

###!!! [Child][MessageChannel] Error: (msgtype=0x530005,name=PHttpChannel::Msg_Cancel) Closed channel: cannot send/recv


###!!! [Child][MessageChannel] Error: (msgtype=0x530005,name=PHttpChannel::Msg_Cancel) Closed channel: cannot send/recv


###!!! [Child][MessageChannel] Error: (msgtype=0x530005,name=PHttpChannel::Msg_Cancel) Closed channel: cannot send/recv


###!!! [Child][MessageChannel] Error: (msgtype=0x530005,name=PHttpChannel::Msg_Cancel) Closed channel: cannot send/recv


###!!! [Child][MessageChannel] Error: (msgtype=0x530005,name=PHttpChannel::Msg_Cancel) Closed channel: cannot send/recv

1562616414491	Marionette	INFO	Listening on port 53666
1562616414511	Marionette	WARN	TLS certificate errors will be ignored for this session
JavaScript error: , line 0: NotAllowedError: The play method is not allowed by the user agent or the platform in the current context, possibly because the user denied permission.
console.error: BroadcastService: 
  receivedBroadcastMessage: handler for
  remote-settings/monitor_changes
  threw error:
  Message: Error: Polling for changes failed: http://%(server)s/dummy/blocklist//buckets/monitor/collections/changes/records?_expected=%221562598337501%22 is not a valid URL..
  Stack:
    remoteSettingsFunction/remoteSettings.pollChanges@resource://services-settings/remote-settings.js:203:13

Exiting due to channel error.
[GFX1-]: Receive IPC close with reason=AbnormalShutdown
[GFX1-]: Receive IPC close with reason=AbnormalShutdown
Exiting due to channel error.
Exiting due to channel error.
1562616561892	mozrunner::runner	INFO	Running command: "/Applications/Firefox.app/Contents/MacOS/firefox-bin" "-marionette" "-foreground" "-no-remote" "-profile" "/var/folders/vs/8x5dhy9j1_j4gfdt2jjj_ms40000gq/T/rust_mozprofile.Te5bd5ZQFKak"
1562616562644	addons.webextension.screenshots@mozilla.org	WARN	Loading extension 'screenshots@mozilla.org': Reading manifest: Invalid extension permission: mozillaAddons
1562616562644	addons.webextension.screenshots@mozilla.org	WARN	Loading extension 'screenshots@mozilla.org': Reading manifest: Invalid extension permission: resource://pdf.js/
1562616562644	addons.webextension.screenshots@mozilla.org	WARN	Loading extension 'screenshots@mozilla.org': Reading manifest: Invalid extension permission: about:reader*
1562616565120	Marionette	INFO	Listening on port 53965
1562616565230	Marionette	WARN	TLS certificate errors will be ignored for this session
JavaScript error: , line 0: NotAllowedError: The play method is not allowed by the user agent or the platform in the current context, possibly because the user denied permission.
JavaScript error: https://yep.video.yahoo.com/js/3/videoplayer-min.js?r=nextgen-desktop&lang=en-US&ypv=prod, line 13: TypeError: The expression cannot be converted to return the specified type.
1562616619772	mozrunner::runner	INFO	Running command: "/Applications/Firefox.app/Contents/MacOS/firefox-bin" "-marionette" "-foreground" "-no-remote" "-profile" "/var/folders/vs/8x5dhy9j1_j4gfdt2jjj_ms40000gq/T/rust_mozprofile.YZnrQjR3cSVC"
1562616621469	addons.webextension.screenshots@mozilla.org	WARN	Loading extension 'screenshots@mozilla.org': Reading manifest: Invalid extension permission: mozillaAddons
1562616621470	addons.webextension.screenshots@mozilla.org	WARN	Loading extension 'screenshots@mozilla.org': Reading manifest: Invalid extension permission: resource://pdf.js/
1562616621470	addons.webextension.screenshots@mozilla.org	WARN	Loading extension 'screenshots@mozilla.org': Reading manifest: Invalid extension permission: about:reader*
IPDL protocol error: Handler returned error code!

###!!! [Parent][DispatchAsyncMessage] Error: PLayerTransaction::Msg_ReleaseLayer Processing error: message was deserialized, but the handler returned false (indicating failure)

JavaScript error: resource://gre/modules/WebProgressChild.jsm, line 61: TypeError: this.mm.content is null

###!!! [Child][RunMessage] Error: Channel closing: too late to send/recv, messages will be lost


###!!! [Child][MessageChannel] Error: (msgtype=0x530005,name=PHttpChannel::Msg_Cancel) Closed channel: cannot send/recv


###!!! [Child][MessageChannel] Error: (msgtype=0x530005,name=PHttpChannel::Msg_Cancel) Closed channel: cannot send/recv


###!!! [Child][MessageChannel] Error: (msgtype=0x530005,name=PHttpChannel::Msg_Cancel) Closed channel: cannot send/recv


###!!! [Child][MessageChannel] Error: (msgtype=0x530005,name=PHttpChannel::Msg_Cancel) Closed channel: cannot send/recv


###!!! [Child][MessageChannel] Error: (msgtype=0x530005,name=PHttpChannel::Msg_Cancel) Closed channel: cannot send/recv


###!!! [Child][MessageChannel] Error: (msgtype=0x530005,name=PHttpChannel::Msg_Cancel) Closed channel: cannot send/recv


###!!! [Child][MessageChannel] Error: (msgtype=0x530005,name=PHttpChannel::Msg_Cancel) Closed channel: cannot send/recv

console.warn: "Error while detaching the thread front: 'detach' request packet to 'server1.conn0.child1/context19' can't be sent as the connection is closed."

###!!! [Child][MessageChannel] Error: (msgtype=0x530005,name=PHttpChannel::Msg_Cancel) Closed channel: cannot send/recv

1562616624751	Marionette	INFO	Listening on port 54349
1562616624778	Marionette	WARN	TLS certificate errors will be ignored for this session
JavaScript error: , line 0: NotAllowedError: The play method is not allowed by the user agent or the platform in the current context, possibly because the user denied permission.
Exiting due to channel error.
[GFX1-]: Receive IPC close with reason=AbnormalShutdown
[Child 3997, Chrome_ChildThread] WARNING: pipe error: Broken pipe: file /builds/worker/workspace/build/src/ipc/chromium/src/chrome/common/ipc_channel_posix.cc, line 726
Exiting due to channel error.
[GFX1-]: Receive IPC close with reason=AbnormalShutdown
Exiting due to channel error.
1562616673132	mozrunner::runner	INFO	Running command: "/Applications/Firefox.app/Contents/MacOS/firefox-bin" "-marionette" "-foreground" "-no-remote" "-profile" "/var/folders/vs/8x5dhy9j1_j4gfdt2jjj_ms40000gq/T/rust_mozprofile.4YjCBn7LxRHX"
1562616673740	addons.webextension.screenshots@mozilla.org	WARN	Loading extension 'screenshots@mozilla.org': Reading manifest: Invalid extension permission: mozillaAddons
1562616673740	addons.webextension.screenshots@mozilla.org	WARN	Loading extension 'screenshots@mozilla.org': Reading manifest: Invalid extension permission: resource://pdf.js/
1562616673741	addons.webextension.screenshots@mozilla.org	WARN	Loading extension 'screenshots@mozilla.org': Reading manifest: Invalid extension permission: about:reader*
1562616675298	Marionette	INFO	Listening on port 54629
1562616675332	Marionette	WARN	TLS certificate errors will be ignored for this session
JavaScript error: , line 0: NotAllowedError: The play method is not allowed by the user agent or the platform in the current context, possibly because the user denied permission.
[Child 4112, MediaPlayback #1] WARNING: Decoder=12e75b000 Decode error: NS_ERROR_DOM_MEDIA_FATAL_ERR (0x806e0005) - RefPtr<MediaSourceTrackDemuxer::SamplesPromise> mozilla::MediaSourceTrackDemuxer::DoGetSamples(int32_t): manager is detached.: file /builds/worker/workspace/build/src/dom/media/MediaDecoderStateMachine.cpp, line 3296
2019-07-08 20:11:24.110 plugin-container[4112:4745720] PLClientLogging: unknown permission type 2
[GFX1-]: Receive IPC close with reason=AbnormalShutdown
Exiting due to channel error.
[GFX1-]: Receive IPC close with reason=AbnormalShutdown
Exiting due to channel error.
[Child 4112, Chrome_ChildThread] WARNING: pipe error: Broken pipe: file /builds/worker/workspace/build/src/ipc/chromium/src/chrome/common/ipc_channel_posix.cc, line 726
[GFX1-]: Receive IPC close with reason=AbnormalShutdown
Exiting due to channel error.
console.error: BroadcastService: 
  receivedBroadcastMessage: handler for
  remote-settings/monitor_changes
  threw error:
  Message: Error: Polling for changes failed: http://%(server)s/dummy/blocklist//buckets/monitor/collections/changes/records?_expected=%221562598337501%22 is not a valid URL..
  Stack:
    remoteSettingsFunction/remoteSettings.pollChanges@resource://services-settings/remote-settings.js:203:13

1562616832420	mozrunner::runner	INFO	Running command: "/Applications/Firefox.app/Contents/MacOS/firefox-bin" "-marionette" "-foreground" "-no-remote" "-profile" "/var/folders/vs/8x5dhy9j1_j4gfdt2jjj_ms40000gq/T/rust_mozprofile.XJSxVoJcqKOF"
1562616832996	addons.webextension.screenshots@mozilla.org	WARN	Loading extension 'screenshots@mozilla.org': Reading manifest: Invalid extension permission: mozillaAddons
1562616832996	addons.webextension.screenshots@mozilla.org	WARN	Loading extension 'screenshots@mozilla.org': Reading manifest: Invalid extension permission: resource://pdf.js/
1562616832996	addons.webextension.screenshots@mozilla.org	WARN	Loading extension 'screenshots@mozilla.org': Reading manifest: Invalid extension permission: about:reader*
1562616834680	Marionette	INFO	Listening on port 54888
1562616834702	Marionette	WARN	TLS certificate errors will be ignored for this session
Exiting due to channel error.
Exiting due to channel error.
[GFX1-]: Receive IPC close with reason=AbnormalShutdown
Exiting due to channel error.
1562616891138	mozrunner::runner	INFO	Running command: "/Applications/Firefox.app/Contents/MacOS/firefox-bin" "-marionette" "-foreground" "-no-remote" "-profile" "/var/folders/vs/8x5dhy9j1_j4gfdt2jjj_ms40000gq/T/rust_mozprofile.0VsWfR7dxuM4"
1562616891719	addons.webextension.screenshots@mozilla.org	WARN	Loading extension 'screenshots@mozilla.org': Reading manifest: Invalid extension permission: mozillaAddons
1562616891720	addons.webextension.screenshots@mozilla.org	WARN	Loading extension 'screenshots@mozilla.org': Reading manifest: Invalid extension permission: resource://pdf.js/
1562616891720	addons.webextension.screenshots@mozilla.org	WARN	Loading extension 'screenshots@mozilla.org': Reading manifest: Invalid extension permission: about:reader*
1562616893399	Marionette	INFO	Listening on port 55210
1562616893429	Marionette	WARN	TLS certificate errors will be ignored for this session
JavaScript error: , line 0: NotAllowedError: The play method is not allowed by the user agent or the platform in the current context, possibly because the user denied permission.

###!!! [Parent][DispatchAsyncMessage] Error: PClientSourceOp::Msg___delete__ Route error: message sent to unknown actor ID

console.error: BroadcastService: 
  receivedBroadcastMessage: handler for
  remote-settings/monitor_changes
  threw error:
  Message: Error: Polling for changes failed: http://%(server)s/dummy/blocklist//buckets/monitor/collections/changes/records?_expected=%221562598337501%22 is not a valid URL..
  Stack:
    remoteSettingsFunction/remoteSettings.pollChanges@resource://services-settings/remote-settings.js:203:13

Exiting due to channel error.
[GFX1-]: Receive IPC close with reason=AbnormalShutdown
Exiting due to channel error.
[GFX1-]: Receive IPC close with reason=AbnormalShutdown
Exiting due to channel error.
1562616993697	mozrunner::runner	INFO	Running command: "/Applications/Firefox.app/Contents/MacOS/firefox-bin" "-marionette" "-foreground" "-no-remote" "-profile" "/var/folders/vs/8x5dhy9j1_j4gfdt2jjj_ms40000gq/T/rust_mozprofile.zvcSUVOXzTiZ"
1562616994281	addons.webextension.screenshots@mozilla.org	WARN	Loading extension 'screenshots@mozilla.org': Reading manifest: Invalid extension permission: mozillaAddons
1562616994281	addons.webextension.screenshots@mozilla.org	WARN	Loading extension 'screenshots@mozilla.org': Reading manifest: Invalid extension permission: resource://pdf.js/
1562616994281	addons.webextension.screenshots@mozilla.org	WARN	Loading extension 'screenshots@mozilla.org': Reading manifest: Invalid extension permission: about:reader*
1562616995979	Marionette	INFO	Listening on port 55469
1562616996104	Marionette	WARN	TLS certificate errors will be ignored for this session
JavaScript error: , line 0: NotAllowedError: The play method is not allowed by the user agent or the platform in the current context, possibly because the user denied permission.
console.error: BroadcastService: 
  receivedBroadcastMessage: handler for
  remote-settings/monitor_changes
  threw error:
  Message: Error: Polling for changes failed: http://%(server)s/dummy/blocklist//buckets/monitor/collections/changes/records?_expected=%221562598337501%22 is not a valid URL..
  Stack:
    remoteSettingsFunction/remoteSettings.pollChanges@resource://services-settings/remote-settings.js:203:13


###!!! [Parent][DispatchAsyncMessage] Error: PClientSourceOp::Msg___delete__ Route error: message sent to unknown actor ID

Exiting due to channel error.
Exiting due to channel error.
[GFX1-]: Receive IPC close with reason=AbnormalShutdown
[Child 4754, Chrome_ChildThread] WARNING: pipe error: Broken pipe: file /builds/worker/workspace/build/src/ipc/chromium/src/chrome/common/ipc_channel_posix.cc, line 726
Exiting due to channel error.
1562617054216	mozrunner::runner	INFO	Running command: "/Applications/Firefox.app/Contents/MacOS/firefox-bin" "-marionette" "-foreground" "-no-remote" "-profile" "/var/folders/vs/8x5dhy9j1_j4gfdt2jjj_ms40000gq/T/rust_mozprofile.Fh69icsmPnL8"
1562617054822	addons.webextension.screenshots@mozilla.org	WARN	Loading extension 'screenshots@mozilla.org': Reading manifest: Invalid extension permission: mozillaAddons
1562617054823	addons.webextension.screenshots@mozilla.org	WARN	Loading extension 'screenshots@mozilla.org': Reading manifest: Invalid extension permission: resource://pdf.js/
1562617054823	addons.webextension.screenshots@mozilla.org	WARN	Loading extension 'screenshots@mozilla.org': Reading manifest: Invalid extension permission: about:reader*
1562617056659	Marionette	INFO	Listening on port 55742
1562617056723	Marionette	WARN	TLS certificate errors will be ignored for this session
[GFX1-]: Receive IPC close with reason=AbnormalShutdown
Exiting due to channel error.
[GFX1-]: Receive IPC close with reason=AbnormalShutdown
[Child 4909, Chrome_ChildThread] WARNING: pipe error: Broken pipe: file /builds/worker/workspace/build/src/ipc/chromium/src/chrome/common/ipc_channel_posix.cc, line 726
Exiting due to channel error.
Exiting due to channel error.
1562617379067	mozrunner::runner	INFO	Running command: "/Applications/Firefox.app/Contents/MacOS/firefox-bin" "-marionette" "-foreground" "-no-remote" "-profile" "/var/folders/vs/8x5dhy9j1_j4gfdt2jjj_ms40000gq/T/rust_mozprofile.pvj7xPvzs78u"
1562617379736	addons.webextension.screenshots@mozilla.org	WARN	Loading extension 'screenshots@mozilla.org': Reading manifest: Invalid extension permission: mozillaAddons
1562617379736	addons.webextension.screenshots@mozilla.org	WARN	Loading extension 'screenshots@mozilla.org': Reading manifest: Invalid extension permission: resource://pdf.js/
1562617379737	addons.webextension.screenshots@mozilla.org	WARN	Loading extension 'screenshots@mozilla.org': Reading manifest: Invalid extension permission: about:reader*
1562617381806	Marionette	INFO	Listening on port 56187
1562617381906	Marionette	WARN	TLS certificate errors will be ignored for this session
JavaScript error: , line 0: NotAllowedError: The play method is not allowed by the user agent or the platform in the current context, possibly because the user denied permission.
console.error: BroadcastService: 
  receivedBroadcastMessage: handler for
  remote-settings/monitor_changes
  threw error:
  Message: Error: Polling for changes failed: http://%(server)s/dummy/blocklist//buckets/monitor/collections/changes/records?_expected=%221562598337501%22 is not a valid URL..
  Stack:
    remoteSettingsFunction/remoteSettings.pollChanges@resource://services-settings/remote-settings.js:203:13


###!!! [Parent][DispatchAsyncMessage] Error: PClientSourceOp::Msg___delete__ Route error: message sent to unknown actor ID

Exiting due to channel error.
[GFX1-]: Receive IPC close with reason=AbnormalShutdown
Exiting due to channel error.
[GFX1-]: Receive IPC close with reason=AbnormalShutdown
Exiting due to channel error.
1562617439896	mozrunner::runner	INFO	Running command: "/Applications/Firefox.app/Contents/MacOS/firefox-bin" "-marionette" "-foreground" "-no-remote" "-profile" "/var/folders/vs/8x5dhy9j1_j4gfdt2jjj_ms40000gq/T/rust_mozprofile.TxPWoxcZNvFs"
1562617440508	addons.webextension.screenshots@mozilla.org	WARN	Loading extension 'screenshots@mozilla.org': Reading manifest: Invalid extension permission: mozillaAddons
1562617440508	addons.webextension.screenshots@mozilla.org	WARN	Loading extension 'screenshots@mozilla.org': Reading manifest: Invalid extension permission: resource://pdf.js/
1562617440508	addons.webextension.screenshots@mozilla.org	WARN	Loading extension 'screenshots@mozilla.org': Reading manifest: Invalid extension permission: about:reader*
1562617442384	Marionette	INFO	Listening on port 56402
1562617442400	Marionette	WARN	TLS certificate errors will be ignored for this session
JavaScript error: , line 0: NotAllowedError: The play method is not allowed by the user agent or the platform in the current context, possibly because the user denied permission.
console.error: BroadcastService: 
  receivedBroadcastMessage: handler for
  remote-settings/monitor_changes
  threw error:
  Message: Error: Polling for changes failed: http://%(server)s/dummy/blocklist//buckets/monitor/collections/changes/records?_expected=%221562598337501%22 is not a valid URL..
  Stack:
    remoteSettingsFunction/remoteSettings.pollChanges@resource://services-settings/remote-settings.js:203:13

[GFX1-]: Receive IPC close with reason=AbnormalShutdown
Exiting due to channel error.
[GFX1-]: Receive IPC close with reason=AbnormalShutdown
Exiting due to channel error.
[GFX1-]: Receive IPC close with reason=AbnormalShutdown
Exiting due to channel error.
1562617695051	mozrunner::runner	INFO	Running command: "/Applications/Firefox.app/Contents/MacOS/firefox-bin" "-marionette" "-foreground" "-no-remote" "-profile" "/var/folders/vs/8x5dhy9j1_j4gfdt2jjj_ms40000gq/T/rust_mozprofile.MiIjgMrhyQ1O"
1562617695571	addons.webextension.screenshots@mozilla.org	WARN	Loading extension 'screenshots@mozilla.org': Reading manifest: Invalid extension permission: mozillaAddons
1562617695571	addons.webextension.screenshots@mozilla.org	WARN	Loading extension 'screenshots@mozilla.org': Reading manifest: Invalid extension permission: resource://pdf.js/
1562617695571	addons.webextension.screenshots@mozilla.org	WARN	Loading extension 'screenshots@mozilla.org': Reading manifest: Invalid extension permission: about:reader*
1562617697256	Marionette	INFO	Listening on port 56694
1562617697315	Marionette	WARN	TLS certificate errors will be ignored for this session

###!!! [Parent][RunMessage] Error: Channel closing: too late to send/recv, messages will be lost


###!!! [Parent][DispatchAsyncMessage] Error: PClientSourceOp::Msg___delete__ Route error: message sent to unknown actor ID

console.error: BroadcastService: 
  receivedBroadcastMessage: handler for
  remote-settings/monitor_changes
  threw error:
  Message: Error: Polling for changes failed: http://%(server)s/dummy/blocklist//buckets/monitor/collections/changes/records?_expected=%221562598337501%22 is not a valid URL..
  Stack:
    remoteSettingsFunction/remoteSettings.pollChanges@resource://services-settings/remote-settings.js:203:13

1562617885136	mozrunner::runner	INFO	Running command: "/Applications/Firefox.app/Contents/MacOS/firefox-bin" "-marionette" "-foreground" "-no-remote" "-profile" "/var/folders/vs/8x5dhy9j1_j4gfdt2jjj_ms40000gq/T/rust_mozprofile.9PgToZbxaRcp"
1562617885789	addons.webextension.screenshots@mozilla.org	WARN	Loading extension 'screenshots@mozilla.org': Reading manifest: Invalid extension permission: mozillaAddons
1562617885789	addons.webextension.screenshots@mozilla.org	WARN	Loading extension 'screenshots@mozilla.org': Reading manifest: Invalid extension permission: resource://pdf.js/
1562617885789	addons.webextension.screenshots@mozilla.org	WARN	Loading extension 'screenshots@mozilla.org': Reading manifest: Invalid extension permission: about:reader*
1562617887689	Marionette	INFO	Listening on port 57042
1562617887788	Marionette	WARN	TLS certificate errors will be ignored for this session
JavaScript error: , line 0: NotAllowedError: The play method is not allowed by the user agent or the platform in the current context, possibly because the user denied permission.
console.error: BroadcastService: 
  receivedBroadcastMessage: handler for
  remote-settings/monitor_changes
  threw error:
  Message: Error: Polling for changes failed: http://%(server)s/dummy/blocklist//buckets/monitor/collections/changes/records?_expected=%221562598337501%22 is not a valid URL..
  Stack:
    remoteSettingsFunction/remoteSettings.pollChanges@resource://services-settings/remote-settings.js:203:13


###!!! [Parent][DispatchAsyncMessage] Error: PClientSourceOp::Msg___delete__ Route error: message sent to unknown actor ID

JavaScript error: https://fw.adsafeprotected.com/rjss/bgd/234123/32460405/xbbe/creative/adj?p=APEucNWE5kprNXhMI9dRCiuZToBMxZ4iCAU-yWG2uVuwJzQWkBu3AMA&d=CkkAoCZ_4DArgIaSthcRNdoo7NlmAcD3mg-17sdC-3xYG3uhVh9zaRxFoucRTK0tzmaz8hpQkibF3NhasHD3_cLpRr7RNqUKYkMgEtkLAKAmf-B7tJl1t5sCZ0PxAdw_vHZEWODmTcUWFGexnnX770rYpz5OajC0OflXdu6Yw2YahbK9u-Tbx9GAY__AS3qX9bM9bSul1clH125CwxQfdoE03Q9BKK6UNgdP6WLILMwbgcrdebwnJa8cWnmDzP2j-9oHcw-Wz2T50Bc5lDRudC4BmoZAeRj4fqxxx-cxWNmPdjKHMyHFARNktLXv6Evs9PFBE6w5TrbRRyIJAN4tYkWg8-UcF-50n3_SAMMq5ZKFoJoOx_8usSyHAgY-04Dd7RSgkqEfh5Xirl0LXNPwIy3nfj9msjYg65w83aVNKdE0DOKmPaf_YePoE5vkRbJwVcI9YS5j10BE7lPKHWz3vv0fHp1vyvjXB8I98zc3UhZOi6enGCPWU70DK9Q3pqrFU2eSsW2rG1jPSOeaxjqEDgfoSklDr0f6xgURe_WgF5tQ3V9sdVRiyUQ0y6ulRSmAI_nScIinlGMtvsA8WYTxC6zmw5He2dlfYqBOMZDJEwrAwa6oCu9LVDoOFUg_UEVnrck-m4L5R8W_mQySD4r0O4vdDDXI8HVMjuwWHlXcGZ9ya1ab2FM1B03VA1k1e711U5CfHb4Id19lvqCTZedWipqO0hpOgQyp3DKONbz9fbyl1fz1kmNnAg97CfrGFv16dZS8E1hMZiIjyO1CZE-SiWH-KkfZSb1kHMB7uKS7EYfUYp_Rm3D_NwOv8nC-LJIwQAbMh7GxKIpvvdR0t67ipvt9_RTcDmuotFSiyqh6KSYUdyKVCV1RXMdeuxqEXU5k9NxPpAurtr41PINWrVSBGcGhA2DrcNlVUUNA2AVohja3rbx1PgX5fk8CwEfUK1bflzewur7FInU5rkOdCf6vTXfNeqcsNU4cB6bIJH4xX5bhbDo8mZmZcOqUpLTO6qNBviygY-41H_cXEAKEDBUpQP_m6CEUkq-5sX8sqWiOOkedjrmDOQWMf41Wo7v7LCLv_B2kLjDpfT2LN35cfAb6-MVGrDagfbHZ30kVb0wVWKzvBIxXqNGPfMTB5r6o1xSdCkyyxx1u1FziC2nRZsyB8R5ago2DgD4ugTCi9ML9JXphDXn7MEZxzRcNO4mO-zARq0nMVD3FOr1x9V8Z_MNe9JJqpeHPPiiQrMm66NgGUSKhLdr36igGVDlf27mOs4kH3oyJRE7sqPweFguk_RzHXGLgPKy1qVJo71a-k6fxFDHyRH44qcminnTJQ6cshhkmaGTT4z5XaMNykIln10kNTfAknLb4ayoUKewoCfcWIcdD0VD8D5CN9ADTQxJRkIusCYC2tzDhU6qQN-qnGE1N3WjKRHaMOZMECbBT-9pZj7EJi9VO6quZMlwxZfnkrPO4c2IDMgBiPUWHsQ5XnPMo4IGsqxlC3iIhovB_dReg5L3xpzs4GexwFI-GIrLwKBGLFh3GhYGHb89hjP1tAAc301ELp_5iGZk297_CkytlKp7RhoQrvXNpUomNKT47JwvpoajbburK6DNtvg6ZknaQ5Ujut7H3lADz24F9rZlTi_sqMkz6R_83N9lYioS8SDfsAmhZI9gZCtaCtXatv7CJ_whAOW1Ix_Go5QlT_OP3ZFP2SlEr_VMrWcAfHzy_SCaSJiQkPlxK0dYuwg7BGk43CRq-UpfxFEUKcUoGO0ZMFeKq3gd-n0S1nf4grOgOH54xy9ZMPWNwEwmZy_RJjSz2rZoxVdL-957caSpSPap4w_-z4fP3uOgJl71G6ZLIM4Xr2etisT0AD1mKAFGSPZ0PczItAlgkZ3A0HcyMCvZMs3RxeI5kQ8igED-UyZNizjURXtCt9ueX4_xRmw6bajETM0WUSZXBnZ5InRrQYrEGYqoVdjuE780Z6WpjsFcW4RrEpEiLOzo6Lpbjus469ypVw2mFCh3cCzegIOrmJCH0_t1TRA63YYmdFT9IH_EBlsT6Q-3GyyPUzZ_KxzFmYpRQt8RM__s2Wxwg1AEKEl5zywpTOMBgOOBjGhYIABIS5GgUX6nBTdaCv4_FdUM42sS1YAE, line 1085: TypeError: d is undefined
JavaScript error: https://fw.adsafeprotected.com/rjss/bgd/234123/32460405/xbbe/creative/adj?p=APEucNWE5kprNXhMI9dRCiuZToBMxZ4iCAU-yWG2uVuwJzQWkBu3AMA&d=CkkAoCZ_4DArgIaSthcRNdoo7NlmAcD3mg-17sdC-3xYG3uhVh9zaRxFoucRTK0tzmaz8hpQkibF3NhasHD3_cLpRr7RNqUKYkMgEtkLAKAmf-B7tJl1t5sCZ0PxAdw_vHZEWODmTcUWFGexnnX770rYpz5OajC0OflXdu6Yw2YahbK9u-Tbx9GAY__AS3qX9bM9bSul1clH125CwxQfdoE03Q9BKK6UNgdP6WLILMwbgcrdebwnJa8cWnmDzP2j-9oHcw-Wz2T50Bc5lDRudC4BmoZAeRj4fqxxx-cxWNmPdjKHMyHFARNktLXv6Evs9PFBE6w5TrbRRyIJAN4tYkWg8-UcF-50n3_SAMMq5ZKFoJoOx_8usSyHAgY-04Dd7RSgkqEfh5Xirl0LXNPwIy3nfj9msjYg65w83aVNKdE0DOKmPaf_YePoE5vkRbJwVcI9YS5j10BE7lPKHWz3vv0fHp1vyvjXB8I98zc3UhZOi6enGCPWU70DK9Q3pqrFU2eSsW2rG1jPSOeaxjqEDgfoSklDr0f6xgURe_WgF5tQ3V9sdVRiyUQ0y6ulRSmAI_nScIinlGMtvsA8WYTxC6zmw5He2dlfYqBOMZDJEwrAwa6oCu9LVDoOFUg_UEVnrck-m4L5R8W_mQySD4r0O4vdDDXI8HVMjuwWHlXcGZ9ya1ab2FM1B03VA1k1e711U5CfHb4Id19lvqCTZedWipqO0hpOgQyp3DKONbz9fbyl1fz1kmNnAg97CfrGFv16dZS8E1hMZiIjyO1CZE-SiWH-KkfZSb1kHMB7uKS7EYfUYp_Rm3D_NwOv8nC-LJIwQAbMh7GxKIpvvdR0t67ipvt9_RTcDmuotFSiyqh6KSYUdyKVCV1RXMdeuxqEXU5k9NxPpAurtr41PINWrVSBGcGhA2DrcNlVUUNA2AVohja3rbx1PgX5fk8CwEfUK1bflzewur7FInU5rkOdCf6vTXfNeqcsNU4cB6bIJH4xX5bhbDo8mZmZcOqUpLTO6qNBviygY-41H_cXEAKEDBUpQP_m6CEUkq-5sX8sqWiOOkedjrmDOQWMf41Wo7v7LCLv_B2kLjDpfT2LN35cfAb6-MVGrDagfbHZ30kVb0wVWKzvBIxXqNGPfMTB5r6o1xSdCkyyxx1u1FziC2nRZsyB8R5ago2DgD4ugTCi9ML9JXphDXn7MEZxzRcNO4mO-zARq0nMVD3FOr1x9V8Z_MNe9JJqpeHPPiiQrMm66NgGUSKhLdr36igGVDlf27mOs4kH3oyJRE7sqPweFguk_RzHXGLgPKy1qVJo71a-k6fxFDHyRH44qcminnTJQ6cshhkmaGTT4z5XaMNykIln10kNTfAknLb4ayoUKewoCfcWIcdD0VD8D5CN9ADTQxJRkIusCYC2tzDhU6qQN-qnGE1N3WjKRHaMOZMECbBT-9pZj7EJi9VO6quZMlwxZfnkrPO4c2IDMgBiPUWHsQ5XnPMo4IGsqxlC3iIhovB_dReg5L3xpzs4GexwFI-GIrLwKBGLFh3GhYGHb89hjP1tAAc301ELp_5iGZk297_CkytlKp7RhoQrvXNpUomNKT47JwvpoajbburK6DNtvg6ZknaQ5Ujut7H3lADz24F9rZlTi_sqMkz6R_83N9lYioS8SDfsAmhZI9gZCtaCtXatv7CJ_whAOW1Ix_Go5QlT_OP3ZFP2SlEr_VMrWcAfHzy_SCaSJiQkPlxK0dYuwg7BGk43CRq-UpfxFEUKcUoGO0ZMFeKq3gd-n0S1nf4grOgOH54xy9ZMPWNwEwmZy_RJjSz2rZoxVdL-957caSpSPap4w_-z4fP3uOgJl71G6ZLIM4Xr2etisT0AD1mKAFGSPZ0PczItAlgkZ3A0HcyMCvZMs3RxeI5kQ8igED-UyZNizjURXtCt9ueX4_xRmw6bajETM0WUSZXBnZ5InRrQYrEGYqoVdjuE780Z6WpjsFcW4RrEpEiLOzo6Lpbjus469ypVw2mFCh3cCzegIOrmJCH0_t1TRA63YYmdFT9IH_EBlsT6Q-3GyyPUzZ_KxzFmYpRQt8RM__s2Wxwg1AEKEl5zywpTOMBgOOBjGhYIABIS5GgUX6nBTdaCv4_FdUM42sS1YAE, line 1085: TypeError: d is undefined
JavaScript error: https://fw.adsafeprotected.com/rjss/bgd/295454/37304312/xbbe/creative/adj?p=APEucNXPoYP2c-XTXwrrHbkpyRVrFebtXb7f7v5ge6digBwGbALZTPA&d=CkkAoCZ_4H7vRNXQ5e48KHiroo3P0Mssqsfsi0K8y8960HcOd6JKeNovpjwmrLaKtn3w6ymZ8VBLuyzNQXYpxE8hMeB9hWCjzVaFEvkKAKAmf-BQkHfAFEfgqdcShzm7i4Gr53qe2G09ViScNFw4WktwPlFYRoU_KJlq4GAWhhtM_aJ-iLPpP3dWlGA3WkjfRpSCIwflnq-79KP57EZ5eBEVXwoh5SLCLJxcm-wDy7fuLsas38cx7g7j1iRShwKEjjKkfQBsVC41CovoP0lJGEfOT329ikMFqdFp1sGeaULRvMh5OnkSDFUJjGQdgwE2N5-ZGTGC7B10NsdgpJpLNADQt2vKcjxxGORbMTYaFRRKhw3kpsOqAduetD9Xswfm3kvY2fHrBlguo3Xno_NNaBWh39OOZGtd5EYz7GwA3atj50Bc_K_z2Te3sa5mUBTmtmzdI8HL5r0QpMiLxNmO-w8dAVQXSkUZDNVWgMS1tKy5Mi7A_T-9JJp8fsOdGnRU-v9Bt8uOtwFcPreikbBEYvVc-kfTMlqtIWDzCba1IPcseuTocPsmRP0ggit5oRqZlwsMT1_KZdAWyNWrN01WhVFDIf7gu5Xxhkzi2lPtyuEwllVffMAineEJOp5cljkEhGSAyTajU60XqVXbd5rs9A6V1tM5hfLmDzwPSlkmH912ukEDgZTR867AM9L9jYz5cqaHqwwY2RHZYWJSThEsQB33WMN-6j602yubwAHthPGBUUsK_c7lq3J4BBlPQ5yaxEIGEVL5Rh4NTEgAEW9pDR1xCO7bi-ljqVYqJhD0vdPNsbLRv5SDSE0AtZa01RWyL4md90CwZrT5luO9gF3-z74kiwgoikbER1ztDskc9VkdiuY5TQnD4VdTEYpDjMm8rcbsQ5Pa3LbvUN_BT10ytJ2i3qz88EYR0Re3yBWOhG0wfDGQD8U_4fk3FMhum0WVuumAfqQEO0lIu2kwkGCQVKfTY_0nHf-n6UlsL2SYSPcK23aXT7-VwjpiR72JhcnkzGA_GoauzmON0ZW2sNEOCtOvCmEL38Hxld9zLJD5LpGWEiErqpt9vckEYXQNtUI99QpMObet4Q3A-iTVrhWb9iUTI5Y_02CptM-y_5V82Bqs0KwicL2wKxC1sKqGTRVEer_XzZNewAsi3vZnHsUSW4r69z7m2r4-AjkWUVPqrt8gcrg2eEI8FxOXdgi_XNvkytKptAtJG6L9D8XXk82AQD4Nu_xfqH6rHjdh1aUZpd577kHH5SDFcvxcdJuw7FBIMEn8raQJrpR94IkWOwY0gW10HHC7Ms-EdBAnqZcDGUH1AKH5vqpqcMyujOKJPl1ZRIxJHIjqEHJj4Ts92kpdIoNXpi3xjt96bWcNmcAOqpp80QJbEbn837Nk_eNAe09bi0mVevGOll3-gVJffOaRR75hrDfNZrUSCxAaHj6gsVUwWlATKtKOEoncu_BzryZe6Po7CVLANz43o99hDyG_hpitDBgNDoqLsQiNi2PK2rvhLH3QTmYw1TIyi0d7t7jYsMGkcZk-Cd_lWa8K2pWD_rkVZUXaw9hEdvQWjW3ReGjwvMqCwvlBEFwMr7ZcmDK4jJhnFqBY2j-9E_Dmf5n0HfA-J71JznvUHIMnHWVHXHvMax85Wo7SLiYQr3kykPwULoO5uoSbHGKQZ1JGRCYSz-xz7_Zj_g03RaU8Vjqk_twQkRBE_VAWs3V3X4mZvmJn5x_9mj4ZAyA1SqMgqHvWmGxi_6KzF1fSA5Xnh-N4r8jHgkhpPflm7eTkq4OU-wXibCFaluXx6fpyuz4Nub43vZ8dkCoT37n4XJlT9dq1S6JN2twleAvaISSwYN0yvdBTGqE-ncTQzmfjFf8hBi0A3wC6Dgj1CAw2wqTtPLVErk_uHBio-j20NYQMi-BEP7x3VOxZ9bVy88YgtqfgWuhRf3r2I6_fmTeSkI5G1Uf4EqQGsW42_ICyGhYIABIS5Gim7J8fIwbTS2z-t2vmPkzLYAE, line 909: NS_ERROR_NOT_INITIALIZED: 
JavaScript error: https://fw.adsafeprotected.com/rjss/bgd/295454/37304312/xbbe/creative/adj?p=APEucNXPoYP2c-XTXwrrHbkpyRVrFebtXb7f7v5ge6digBwGbALZTPA&d=CkkAoCZ_4IVhAOE3exNrYchyb3M3DQQFLZH-YSBhZX7o3lRbcxRAGkOxzSkcGOXZzUN7A2Hf9LLCwqslUdqZamN6zzJHDjamjqn3EvkKAKAmf-BmZpBiThnzyxmHVB4gHn5lWXmHs8kZoCBVmql_xiFLcKjU1y9UwILUehliwL1mHn2TYnZxllxFdO9NtLVW_uj_At3VHl6t1viADD0iO1MVNE_Q47Po0IESD6IIpSJsq2ChPAKof7KqPvCU7r5blWyMRzDWp3P----fwfb6XRnhMY_t5sfgZDYnK7Rlmm8UpE-MdmpT7cLWcKrKKtxRguUfhjWLQEvFw4VYdX9WOFDITc6CcmlEhZeqvuxsGJsfP1ipGFW2JP1a9faIHVBhmaf_erVNNOt0kSzX4T8OZDtPjJRwGth13vVpf7ClmuxSzaVvdjZJsVoiDiVmutFCoYZvOv20NR3b583Yd0zgRf8y9et4aVrPBgOi0r3yGceddcxFJirPXI3PN1GJAqI_j0BhPAYdW5F9e9aZI36T-UI2nDF7rzeotg8kpS6C1oa_B8JuTr19EFug9U1V5lQvOSJ9zjnY6YjUXD7nSfnikAi-pFhwgaVSudPNjaScTvutyFxEeNTynbT8BqzhgWKw45N0ARAypXedRDjZjDOx3Zq-aMtok_1ofl6w69DrSQuxBI4zNBx2FJVJP9NFZVoa81S6yBoUmjI6ezSt6xsTBavmPgpWBt2a2I5_ZWVeSEEXXfhgDc50PWNZHJlRrHPdO1Wx01Yo8j8cNzPRrhhXamY6jhat4oo3frFv1t5YQTF-FQLxpt3VUecexcKTfRSKKtayUdmDfs1-t2-AxxWtFnt1SwopE0uz867kXWf38u1SEwmBwHHmOwrqtkqPe4iHAlpa3g_hh5XD6QHuHL7xMjgPdfkhgFEbEMhUyv757oa5EAx760R53xZccEPimNp2h3xSZnymeeUBgRNeX-LLCdTQek7yO7aP9hfbSXuve59rOjgNJdEInDNjwL6L0YPom45MmEQORtO4tJPjiiw6Id04TJ8q5cEjSDDOWM24hxYagyyLLj2XvoCM7hhY47ULXQIQ0xbG-DU5utP2EX9JHOPosdqrAYcB59Mbx6h5jPvoUYDC6qQbZYs8o_qbv_NfV7y9YyY5LNZOeuJiMhgCY4OBHxv5dbTjfyzgb4uLfXy5HwmGYFyU3g_GHgQ7hRxEf8KqigbQxGBrkzN32ajbU7_peJmDR90Lst5Mf0SJF9wpieWJIWhS3H6AteF7ss4AanFAfakXpvIE_XZM2oLrYhD_07zz-awubAH1yWnJcSTACPHfls7-Ddd6GnhemAxbqraiXNPW2q1swihxpCVVKeR2xho4gQflkB3YZPvv7yMQJn9T1ElUGAdG7wGyGNemZqXn7_JIM65L97uvcN5wkeP9VBmQFTDiL5Qhiya5RdoiNR2WJp85qiSOqcv5AEYg95TPfaBFhrPJmPvRXz10dVOCI5MwY1ilX_D6k_-K7WlNSTOrfXpnp77Ap60rliyw3Z5_S-BJYBkNlr7SyJcPqKD7wfEEmzphcjQVRZwbzwPI7OzpSDtKpfLu-PuDkE5PJRs-xCd3UnUQwobm6rjy034_eTLq0WPzHakqFB9fbqBh5fhVWQlEkVevG-gDPcuMQpDhE9JObnk_7nHXhD-OeIKAFMtDS9gyb29iBe4T8oLzqYH7dxMbEmUOMTQnMHNVi2HDdeX_EoOD4ed6rd72pWbU2jKsTc4cX_Hmv9R8aHoZirhICtg0QRhDQzgv31H-lUXSs65arfWjzKqO-QGaFfZZT50UiUxdDgGOeKSuq9MAIK_CSMGBDpn4Ao4JThSmF33nsIjnpH-qW356XaObZpjTr0BpsE5kwjwi3hadcW-jsb1YqhjUcxSRLt0sbr9ROoFvZSIX-eeM7u4_ZW15C5lDNE359QD52GbDHth0uf6e9N1ABEhGGhYIABIS5GhRGemFuaDhDWqZkuOGwbOyYAE, line 909: NS_ERROR_NOT_INITIALIZED: 
1562618699928	mozrunner::runner	INFO	Running command: "/Applications/Firefox.app/Contents/MacOS/firefox-bin" "-marionette" "-foreground" "-no-remote" "-profile" "/var/folders/vs/8x5dhy9j1_j4gfdt2jjj_ms40000gq/T/rust_mozprofile.cxR06w6fk1DB"
1562618700850	addons.webextension.screenshots@mozilla.org	WARN	Loading extension 'screenshots@mozilla.org': Reading manifest: Invalid extension permission: mozillaAddons
1562618700850	addons.webextension.screenshots@mozilla.org	WARN	Loading extension 'screenshots@mozilla.org': Reading manifest: Invalid extension permission: resource://pdf.js/
1562618700850	addons.webextension.screenshots@mozilla.org	WARN	Loading extension 'screenshots@mozilla.org': Reading manifest: Invalid extension permission: about:reader*
1562618703488	Marionette	INFO	Listening on port 58693
1562618703571	Marionette	WARN	TLS certificate errors will be ignored for this session
console.error: BroadcastService: 
  receivedBroadcastMessage: handler for
  remote-settings/monitor_changes
  threw error:
  Message: Error: Polling for changes failed: http://%(server)s/dummy/blocklist//buckets/monitor/collections/changes/records?_expected=%221562598337501%22 is not a valid URL..
  Stack:
    remoteSettingsFunction/remoteSettings.pollChanges@resource://services-settings/remote-settings.js:203:13

JavaScript error: https://s.yimg.com/uc/finance/dd-site/js/main.modern.205baf860b749011e2d6.modern.js, line 71: Error: request failed
[GFX1-]: Receive IPC close with reason=AbnormalShutdown
[GFX1-]: Receive IPC close with reason=AbnormalShutdown
Exiting due to channel error.
Exiting due to channel error.
[GFX1-]: Receive IPC close with reason=AbnormalShutdown
Exiting due to channel error.
1562619056404	mozrunner::runner	INFO	Running command: "/Applications/Firefox.app/Contents/MacOS/firefox-bin" "-marionette" "-foreground" "-no-remote" "-profile" "/var/folders/vs/8x5dhy9j1_j4gfdt2jjj_ms40000gq/T/rust_mozprofile.R0qeB4NxYMCv"
1562619058426	addons.webextension.screenshots@mozilla.org	WARN	Loading extension 'screenshots@mozilla.org': Reading manifest: Invalid extension permission: mozillaAddons
1562619058426	addons.webextension.screenshots@mozilla.org	WARN	Loading extension 'screenshots@mozilla.org': Reading manifest: Invalid extension permission: resource://pdf.js/
1562619058426	addons.webextension.screenshots@mozilla.org	WARN	Loading extension 'screenshots@mozilla.org': Reading manifest: Invalid extension permission: about:reader*
1562619065727	Marionette	INFO	Listening on port 60020
1562619065823	Marionette	WARN	TLS certificate errors will be ignored for this session
Exiting due to channel error.
Exiting due to channel error.
JavaScript error: , line 0: NotAllowedError: The play method is not allowed by the user agent or the platform in the current context, possibly because the user denied permission.
Exiting due to channel error.
[GFX1-]: Receive IPC close with reason=AbnormalShutdown
Exiting due to channel error.
[GFX1-]: Receive IPC close with reason=AbnormalShutdown
Exiting due to channel error.
Exiting due to channel error.
Exiting due to channel error.
[GFX1-]: Receive IPC close with reason=AbnormalShutdown
Exiting due to channel error.

###!!! [Parent][DispatchAsyncMessage] Error: PClientSourceOp::Msg___delete__ Route error: message sent to unknown actor ID

JavaScript error: https://s0.2mdn.net/ads/richmedia/studio/pv2/60744078/20190225084630213/index.html?e=69&renderingType=2&leftOffset=0&topOffset=0&c=R9a1Yhpj4u&t=4 line 28 > scriptElement, line 110: TypeError: document.querySelector(...) is null
JavaScript error: https://s0.2mdn.net/ads/richmedia/studio/pv2/60744078/20190225084630213/index.html?e=69&renderingType=2&leftOffset=0&topOffset=0&c=R9a1Yhpj4u&t=4 line 28 > scriptElement, line 110: TypeError: document.querySelector(...) is null
JavaScript error: https://yep.video.yahoo.com/js/3/videoplayer-min.js?r=nextgen-desktop&lang=en-US&ypv=prod, line 13: TypeError: The expression cannot be converted to return the specified type.
console.error: BroadcastService: 
  receivedBroadcastMessage: handler for
  remote-settings/monitor_changes
  threw error:
  Message: Error: Polling for changes failed: http://%(server)s/dummy/blocklist//buckets/monitor/collections/changes/records?_expected=%221562598337501%22 is not a valid URL..
  Stack:
    remoteSettingsFunction/remoteSettings.pollChanges@resource://services-settings/remote-settings.js:203:13


###!!! [Child][MessageChannel] Error: (msgtype=0x250016,name=PCameras::Msg_AllDone) Channel error: cannot send/recv

Exiting due to channel error.
[GFX1-]: Receive IPC close with reason=AbnormalShutdown
Exiting due to channel error.
Exiting due to channel error.
1562619221718	Marionette	INFO	Stopped listening on port 56694
1562619273974	mozrunner::runner	INFO	Running command: "/Applications/Firefox.app/Contents/MacOS/firefox-bin" "-marionette" "-foreground" "-no-remote" "-profile" "/var/folders/vs/8x5dhy9j1_j4gfdt2jjj_ms40000gq/T/rust_mozprofile.pdQ82TfEi5TI"
1562619274764	addons.webextension.screenshots@mozilla.org	WARN	Loading extension 'screenshots@mozilla.org': Reading manifest: Invalid extension permission: mozillaAddons
1562619274765	addons.webextension.screenshots@mozilla.org	WARN	Loading extension 'screenshots@mozilla.org': Reading manifest: Invalid extension permission: resource://pdf.js/
1562619274765	addons.webextension.screenshots@mozilla.org	WARN	Loading extension 'screenshots@mozilla.org': Reading manifest: Invalid extension permission: about:reader*
1562619276988	Marionette	INFO	Listening on port 60929
1562619277107	Marionette	WARN	TLS certificate errors will be ignored for this session
console.error: BroadcastService: 
  receivedBroadcastMessage: handler for
  remote-settings/monitor_changes
  threw error:
  Message: Error: Polling for changes failed: http://%(server)s/dummy/blocklist//buckets/monitor/collections/changes/records?_expected=%221562598337501%22 is not a valid URL..
  Stack:
    remoteSettingsFunction/remoteSettings.pollChanges@resource://services-settings/remote-settings.js:203:13

JavaScript error: https://code.createjs.com/createjs-2015.11.26.min.js, line 13: NS_ERROR_FAILURE: 
JavaScript error: https://code.createjs.com/createjs-2015.11.26.min.js, line 13: NS_ERROR_FAILURE: 
JavaScript error: https://code.createjs.com/createjs-2015.11.26.min.js, line 13: NS_ERROR_FAILURE: 
JavaScript error: https://code.createjs.com/createjs-2015.11.26.min.js, line 13: NS_ERROR_FAILURE: 
JavaScript error: https://code.createjs.com/createjs-2015.11.26.min.js, line 13: NS_ERROR_FAILURE: 
JavaScript error: https://code.createjs.com/createjs-2015.11.26.min.js, line 13: NS_ERROR_FAILURE: 
JavaScript error: https://code.createjs.com/createjs-2015.11.26.min.js, line 13: NS_ERROR_FAILURE: 
JavaScript error: https://code.createjs.com/createjs-2015.11.26.min.js, line 13: NS_ERROR_FAILURE: 
JavaScript error: https://code.createjs.com/createjs-2015.11.26.min.js, line 13: NS_ERROR_FAILURE: 
JavaScript error: https://code.createjs.com/createjs-2015.11.26.min.js, line 13: NS_ERROR_FAILURE: 
JavaScript error: https://code.createjs.com/createjs-2015.11.26.min.js, line 13: NS_ERROR_FAILURE: 
JavaScript error: https://code.createjs.com/createjs-2015.11.26.min.js, line 13: NS_ERROR_FAILURE: 
JavaScript error: https://code.createjs.com/createjs-2015.11.26.min.js, line 13: NS_ERROR_FAILURE: 
JavaScript error: https://code.createjs.com/createjs-2015.11.26.min.js, line 13: NS_ERROR_FAILURE: 
JavaScript error: https://code.createjs.com/createjs-2015.11.26.min.js, line 13: NS_ERROR_FAILURE: 
JavaScript error: https://code.createjs.com/createjs-2015.11.26.min.js, line 13: NS_ERROR_FAILURE: 
JavaScript error: https://code.createjs.com/createjs-2015.11.26.min.js, line 13: NS_ERROR_FAILURE: 
JavaScript error: https://code.createjs.com/createjs-2015.11.26.min.js, line 13: NS_ERROR_FAILURE: 
JavaScript error: https://code.createjs.com/createjs-2015.11.26.min.js, line 13: NS_ERROR_FAILURE: 
JavaScript error: https://code.createjs.com/createjs-2015.11.26.min.js, line 13: NS_ERROR_FAILURE: 
JavaScript error: https://code.createjs.com/createjs-2015.11.26.min.js, line 13: NS_ERROR_FAILURE: 
JavaScript error: https://code.createjs.com/createjs-2015.11.26.min.js, line 13: NS_ERROR_FAILURE: 
JavaScript error: https://code.createjs.com/createjs-2015.11.26.min.js, line 13: NS_ERROR_FAILURE: 
Exiting due to channel error.
[GFX1-]: Receive IPC close with reason=AbnormalShutdown
[GFX1-]: Receive IPC close with reason=AbnormalShutdown
Exiting due to channel error.
Exiting due to channel error.
1562619479398	mozrunner::runner	INFO	Running command: "/Applications/Firefox.app/Contents/MacOS/firefox-bin" "-marionette" "-foreground" "-no-remote" "-profile" "/var/folders/vs/8x5dhy9j1_j4gfdt2jjj_ms40000gq/T/rust_mozprofile.oTavNpoAtlIo"
1562619480336	addons.webextension.screenshots@mozilla.org	WARN	Loading extension 'screenshots@mozilla.org': Reading manifest: Invalid extension permission: mozillaAddons
1562619480336	addons.webextension.screenshots@mozilla.org	WARN	Loading extension 'screenshots@mozilla.org': Reading manifest: Invalid extension permission: resource://pdf.js/
1562619480336	addons.webextension.screenshots@mozilla.org	WARN	Loading extension 'screenshots@mozilla.org': Reading manifest: Invalid extension permission: about:reader*
1562619483284	Marionette	INFO	Listening on port 61869
1562619483304	Marionette	WARN	TLS certificate errors will be ignored for this session

###!!! [Parent][RunMessage] Error: Channel closing: too late to send/recv, messages will be lost

JavaScript error: https://s.yimg.com/uc/finance/dd-site/js/main.modern.205baf860b749011e2d6.modern.js, line 71: Error: {"output":{"message":"request failed"},"meta":{}}

###!!! [Parent][DispatchAsyncMessage] Error: PClientSourceOp::Msg___delete__ Route error: message sent to unknown actor ID

console.error: BroadcastService: 
  receivedBroadcastMessage: handler for
  remote-settings/monitor_changes
  threw error:
  Message: Error: Polling for changes failed: http://%(server)s/dummy/blocklist//buckets/monitor/collections/changes/records?_expected=%221562598337501%22 is not a valid URL..
  Stack:
    remoteSettingsFunction/remoteSettings.pollChanges@resource://services-settings/remote-settings.js:203:13

JavaScript error: https://s.yimg.com/uc/finance/dd-site/js/main.modern.205baf860b749011e2d6.modern.js, line 48: Error: [object ProgressEvent]
JavaScript error: https://s.yimg.com/uc/finance/dd-site/js/main.modern.205baf860b749011e2d6.modern.js, line 48: Error: [object ProgressEvent]
JavaScript error: https://s.yimg.com/uc/finance/dd-site/js/main.modern.205baf860b749011e2d6.modern.js, line 48: Error: XMLHttpRequest timeout
JavaScript error: https://s.yimg.com/uc/finance/dd-site/js/main.modern.205baf860b749011e2d6.modern.js, line 48: Error: XMLHttpRequest timeout
JavaScript error: https://s.yimg.com/uc/finance/dd-site/js/main.modern.205baf860b749011e2d6.modern.js, line 48: Error: [object ProgressEvent]
JavaScript error: https://s.yimg.com/uc/finance/dd-site/js/main.modern.205baf860b749011e2d6.modern.js, line 48: Error: XMLHttpRequest timeout
JavaScript error: https://s.yimg.com/uc/finance/dd-site/js/main.modern.205baf860b749011e2d6.modern.js, line 48: Error: XMLHttpRequest timeout
JavaScript error: https://s.yimg.com/uc/finance/dd-site/js/main.modern.205baf860b749011e2d6.modern.js, line 48: Error: XMLHttpRequest timeout

###!!! [Parent][RunMessage] Error: Channel error: cannot send/recv


###!!! [Parent][RunMessage] Error: Channel error: cannot send/recv


###!!! [Parent][RunMessage] Error: Channel error: cannot send/recv


###!!! [Parent][RunMessage] Error: Channel error: cannot send/recv


###!!! [Parent][RunMessage] Error: Channel error: cannot send/recv


###!!! [Parent][RunMessage] Error: Channel error: cannot send/recv


###!!! [Parent][RunMessage] Error: Channel error: cannot send/recv


###!!! [Parent][RunMessage] Error: Channel error: cannot send/recv


###!!! [Parent][RunMessage] Error: Channel error: cannot send/recv


###!!! [Parent][RunMessage] Error: Channel error: cannot send/recv


###!!! [Parent][RunMessage] Error: Channel error: cannot send/recv


###!!! [Parent][RunMessage] Error: Channel error: cannot send/recv


###!!! [Parent][RunMessage] Error: Channel error: cannot send/recv


###!!! [Parent][RunMessage] Error: Channel error: cannot send/recv


###!!! [Parent][RunMessage] Error: Channel error: cannot send/recv


###!!! [Parent][RunMessage] Error: Channel error: cannot send/recv


###!!! [Parent][RunMessage] Error: Channel error: cannot send/recv


###!!! [Parent][RunMessage] Error: Channel error: cannot send/recv


###!!! [Parent][RunMessage] Error: Channel error: cannot send/recv


###!!! [Parent][RunMessage] Error: Channel error: cannot send/recv


###!!! [Parent][RunMessage] Error: Channel error: cannot send/recv


###!!! [Parent][RunMessage] Error: Channel error: cannot send/recv


###!!! [Parent][RunMessage] Error: Channel error: cannot send/recv


###!!! [Parent][RunMessage] Error: Channel error: cannot send/recv


###!!! [Parent][RunMessage] Error: Channel error: cannot send/recv


###!!! [Parent][RunMessage] Error: Channel error: cannot send/recv


###!!! [Parent][RunMessage] Error: Channel error: cannot send/recv


###!!! [Parent][RunMessage] Error: Channel error: cannot send/recv


###!!! [Parent][RunMessage] Error: Channel error: cannot send/recv


###!!! [Parent][RunMessage] Error: Channel error: cannot send/recv


###!!! [Parent][RunMessage] Error: Channel error: cannot send/recv


###!!! [Parent][RunMessage] Error: Channel error: cannot send/recv


###!!! [Parent][RunMessage] Error: Channel error: cannot send/recv


###!!! [Parent][RunMessage] Error: Channel error: cannot send/recv


###!!! [Parent][RunMessage] Error: Channel error: cannot send/recv


###!!! [Parent][RunMessage] Error: Channel error: cannot send/recv


###!!! [Parent][MessageChannel] Error: (msgtype=0x2000D,name=PAPZ::Msg_Destroy) Channel error: cannot send/recv

JavaScript error: https://s.yimg.com/uc/finance/dd-site/js/main.modern.205baf860b749011e2d6.modern.js, line 48: Error: [object ProgressEvent]
JavaScript error: https://s.yimg.com/uc/finance/dd-site/js/main.modern.205baf860b749011e2d6.modern.js, line 48: Error: [object ProgressEvent]
JavaScript error: https://s.yimg.com/uc/finance/dd-site/js/main.modern.205baf860b749011e2d6.modern.js, line 48: Error: XMLHttpRequest timeout
